14:07:34.191 [main] INFO  - Goto my account-->Click on Login.. 
14:07:34.883 [main] INFO  - Entering email and password.. 
14:07:35.559 [main] INFO  - clicked on login button...
15:21:51.876 [main] INFO  - Goto my account-->Click on Login.. 
15:21:53.135 [main] INFO  - Entering email and password.. 
15:21:54.620 [main] INFO  - clicked on login button...
15:32:55.009 [main] INFO  - Goto my account-->Click on Login.. 
15:32:55.760 [main] INFO  - Entering email and password.. 
15:32:56.517 [main] INFO  - clicked on login button...
15:44:58.490 [main] INFO  - Goto my account-->Click on Login.. 
15:44:59.375 [main] INFO  - Entering email and password.. 
15:45:00.720 [main] INFO  - clicked on login button...
11:24:02.941 [pool-3-thread-1] INFO  - Goto my account-->Click on Login.. 
11:24:03.761 [pool-3-thread-1] INFO  - Entering email and password.. 
11:24:06.101 [pool-3-thread-1] INFO  - clicked on login button...
11:25:07.956 [main] INFO  - Goto my account-->Click on Login.. 
11:25:08.604 [main] INFO  - Entering email and password.. 
11:25:09.732 [main] INFO  - clicked on login button...
11:27:34.728 [main] INFO  - Goto my account-->Click on Login.. 
11:27:35.361 [main] INFO  - Entering email and password.. 
11:27:36.283 [main] INFO  - clicked on login button...
11:28:39.062 [pool-3-thread-1] INFO  - Goto my account-->Click on Login.. 
11:28:39.709 [pool-3-thread-1] INFO  - Entering email and password.. 
11:28:41.527 [pool-3-thread-1] INFO  - clicked on login button...
11:30:58.762 [main] INFO  - Goto my account-->Click on Login.. 
11:30:59.506 [main] INFO  - Entering email and password.. 
11:31:00.817 [main] INFO  - clicked on login button...
11:32:42.541 [main] INFO  - Goto my account-->Click on Login.. 
11:32:46.118 [main] INFO  - Entering email and password.. 
11:32:47.244 [main] INFO  - clicked on login button...
11:34:08.134 [main] INFO  - Goto my account-->Click on Login.. 
11:34:08.801 [main] INFO  - Entering email and password.. 
11:34:10.471 [main] INFO  - clicked on login button...
11:45:34.561 [main] INFO  - Goto my account-->Click on Login.. 
11:45:35.241 [main] INFO  - Entering email and password.. 
11:45:36.544 [main] INFO  - clicked on login button...
11:48:32.063 [main] INFO  - Goto my account-->Click on Login.. 
11:48:32.749 [main] INFO  - Entering email and password.. 
11:48:34.206 [main] INFO  - clicked on login button...
12:19:09.362 [main] INFO  - Goto my account-->Click on Login.. 
12:19:10.371 [main] INFO  - Entering email and password.. 
12:19:11.738 [main] INFO  - clicked on login button...
12:24:14.670 [main] INFO  - Goto my account-->Click on Login.. 
12:24:15.551 [main] INFO  - Entering email and password.. 
12:24:16.857 [main] INFO  - clicked on login button...
12:25:59.705 [main] INFO  - Goto my account-->Click on Login.. 
12:26:00.443 [main] INFO  - Entering email and password.. 
12:26:01.724 [main] INFO  - clicked on login button...
12:40:21.946 [main] INFO  - Goto my account-->Click on Login.. 
12:40:22.616 [main] INFO  - Entering email and password.. 
12:40:24.212 [main] INFO  - clicked on login button...
12:48:13.135 [main] INFO  - Goto my account-->Click on Login.. 
12:48:14.187 [main] INFO  - Entering email and password.. 
12:48:15.338 [main] INFO  - clicked on login button...
07:20:02.541 [main] INFO  - Goto my account-->Click on Login.. 
07:20:03.687 [main] INFO  - Entering email and password.. 
07:20:04.885 [main] INFO  - clicked on login button...
07:26:07.255 [main] INFO  - Goto my account-->Click on Login.. 
07:26:08.073 [main] INFO  - Entering email and password.. 
07:26:08.937 [main] INFO  - clicked on login button...
07:27:45.855 [main] INFO  - Goto my account-->Click on Login.. 
07:27:46.685 [main] INFO  - Entering email and password.. 
07:27:47.506 [main] INFO  - clicked on login button...
07:42:18.774 [main] INFO  - Goto my account-->Click on Login.. 
07:42:19.621 [main] INFO  - Entering email and password.. 
07:42:20.495 [main] INFO  - clicked on login button...
07:44:30.850 [main] INFO  - Goto my account-->Click on Login.. 
07:44:31.695 [main] INFO  - Entering email and password.. 
07:44:32.578 [main] INFO  - clicked on login button...
07:46:04.249 [main] INFO  - Goto my account-->Click on Login.. 
07:46:05.043 [main] INFO  - Entering email and password.. 
07:46:05.916 [main] INFO  - clicked on login button...
07:52:55.919 [main] INFO  - Goto my account-->Click on Login.. 
07:52:56.718 [main] INFO  - Entering email and password.. 
07:52:57.593 [main] INFO  - clicked on login button...
19:41:21.966 [main] INFO  - Goto my account-->Click on Login.. 
19:41:21.996 [main] INFO  - Entering email and password.. 
19:42:24.824 [main] INFO  - Goto my account-->Click on Login.. 
19:42:24.853 [main] INFO  - Entering email and password.. 
19:43:04.618 [main] INFO  - Entering Last name.. 
19:45:18.164 [main] INFO  - Goto my account-->Click on Login.. 
19:45:18.190 [main] INFO  - Entering email and password.. 
19:45:55.239 [main] INFO  - Entering Last name.. 
19:46:44.090 [main] INFO  - Goto my account-->Click on Login.. 
19:46:44.117 [main] INFO  - Entering email and password.. 
19:47:31.313 [main] INFO  - Entering Last name.. 
19:49:02.230 [main] INFO  - Goto my account-->Click on Login.. 
19:49:02.262 [main] INFO  - Entering email and password.. 
19:50:43.134 [main] INFO  - Entering Last name.. 
19:51:56.877 [main] INFO  - Goto my account-->Click on Login.. 
19:51:56.901 [main] INFO  - Entering email and password.. 
19:52:34.041 [main] INFO  - Entering Last name.. 
19:55:24.255 [main] INFO  - Goto my account-->Click on Login.. 
19:55:24.285 [main] INFO  - Entering email and password.. 
19:55:56.279 [main] INFO  - Entering Last name.. 
19:58:54.175 [main] INFO  - Goto my account-->Click on Login.. 
19:58:54.203 [main] INFO  - Entering email and password.. 
19:59:26.217 [main] INFO  - Entering Last name.. 
20:27:36.046 [main] INFO  - Goto my account-->Click on Login.. 
20:27:36.074 [main] INFO  - Entering email and password.. 
20:27:55.396 [main] INFO  - Entering Last name.. 
20:27:59.476 [main] INFO  - Entering First name.. 
20:27:59.766 [main] INFO  - Entering Zipcode.. 
20:29:26.793 [main] INFO  - Entering ReferralId.. 
20:30:52.525 [main] INFO  - Entering PayorName.. 
20:32:18.692 [main] INFO  - Entering DOB.. 
20:32:28.871 [main] INFO  - Entering primaryPhone.. 
20:32:29.168 [main] INFO  - Entering streetAddress.. 
20:32:29.288 [main] INFO  - Entering streetAddress.. 
20:42:46.932 [main] INFO  - Goto my account-->Click on Login.. 
20:42:46.971 [main] INFO  - Entering email and password.. 
20:43:57.959 [main] INFO  - Goto my account-->Click on Login.. 
20:43:57.990 [main] INFO  - Entering email and password.. 
20:44:36.579 [main] INFO  - Entering Last name.. 
20:44:36.758 [main] INFO  - Entering First name.. 
20:44:36.971 [main] INFO  - Entering Zipcode.. 
20:45:21.847 [main] INFO  - Entering ReferralId.. 
20:46:04.732 [main] INFO  - Entering PayorName.. 
20:46:47.797 [main] INFO  - Entering DOB.. 
20:46:57.961 [main] INFO  - Entering primaryPhone.. 
20:46:58.214 [main] INFO  - Entering streetAddress.. 
20:46:58.339 [main] INFO  - Entering streetAddress.. 
21:13:52.153 [main] INFO  - Goto my account-->Click on Login.. 
21:13:52.181 [main] INFO  - Entering email and password.. 
21:16:44.635 [main] INFO  - Goto my account-->Click on Login.. 
21:16:44.668 [main] INFO  - Entering email and password.. 
21:17:23.294 [main] INFO  - Goto my account-->Click on Login.. 
21:17:23.334 [main] INFO  - Entering email and password.. 
22:20:24.963 [main] INFO  - Goto my account-->Click on Login.. 
22:20:24.995 [main] INFO  - Entering email and password.. 
22:20:52.151 [main] INFO  - Entering Last name.. 
22:21:35.232 [main] INFO  - Goto my account-->Click on Login.. 
22:21:35.253 [main] INFO  - Entering email and password.. 
22:22:15.616 [main] INFO  - Entering Last name.. 
22:22:15.808 [main] INFO  - Entering First name.. 
22:22:15.985 [main] INFO  - Entering Zipcode.. 
22:23:00.635 [main] INFO  - Entering ReferralId.. 
22:23:44.067 [main] INFO  - Entering PayorName.. 
22:24:27.865 [main] INFO  - Entering DOB.. 
22:24:38.191 [main] INFO  - Entering primaryPhone.. 
22:24:38.697 [main] INFO  - Entering streetAddress.. 
22:24:38.922 [main] INFO  - Entering streetAddress.. 
13:03:12.592 [main] INFO  - Goto my account-->Click on Login.. 
13:03:12.620 [main] INFO  - Entering email and password.. 
18:14:32.789 [main] INFO  - Goto my account-->Click on Login.. 
18:14:32.829 [main] INFO  - Entering email and password.. 
18:21:52.661 [main] INFO  - Goto my account-->Click on Login.. 
18:21:52.686 [main] INFO  - Entering email and password.. 
18:22:54.159 [main] INFO  - Goto my account-->Click on Login.. 
18:22:54.199 [main] INFO  - Entering email and password.. 
18:23:40.590 [main] INFO  - Goto my account-->Click on Login.. 
18:23:40.615 [main] INFO  - Entering email and password.. 
18:24:05.360 [main] INFO  - Entering Last name.. 
18:24:05.648 [main] INFO  - Entering First name.. 
18:24:05.885 [main] INFO  - Entering Zipcode.. 
18:28:07.386 [main] INFO  - Goto my account-->Click on Login.. 
18:28:07.411 [main] INFO  - Entering email and password.. 
18:28:42.895 [main] INFO  - Entering Last name.. 
18:43:38.131 [main] INFO  - Goto my account-->Click on Login.. 
18:43:38.165 [main] INFO  - Entering email and password.. 
18:44:16.562 [main] INFO  - Entering Last name.. 
18:46:25.729 [main] INFO  - Goto my account-->Click on Login.. 
18:46:25.745 [main] INFO  - Entering email and password.. 
18:47:04.201 [main] INFO  - Entering Last name.. 
19:01:05.207 [main] INFO  - Goto my account-->Click on Login.. 
19:01:05.234 [main] INFO  - Entering email and password.. 
20:05:56.755 [main] INFO  - Goto my account-->Click on Login.. 
20:05:56.779 [main] INFO  - Entering email and password.. 
20:06:28.880 [main] INFO  - Entering Last name.. 
20:08:09.757 [main] INFO  - Goto my account-->Click on Login.. 
20:08:09.779 [main] INFO  - Entering email and password.. 
20:09:05.826 [main] INFO  - Goto my account-->Click on Login.. 
20:09:05.852 [main] INFO  - Entering email and password.. 
20:09:23.487 [main] INFO  - Entering Last name.. 
20:09:27.956 [main] INFO  - Entering First name.. 
20:09:28.166 [main] INFO  - Entering Zipcode.. 
20:09:44.305 [main] INFO  - Entering ReferralId.. 
20:09:51.351 [main] INFO  - Entering PayorName.. 
20:10:05.315 [main] INFO  - Entering DOB.. 
20:10:15.536 [main] INFO  - Entering primaryPhone.. 
20:10:16.003 [main] INFO  - Entering streetAddress.. 
20:10:16.194 [main] INFO  - Entering streetAddress.. 
20:12:10.461 [main] INFO  - Goto my account-->Click on Login.. 
20:12:10.486 [main] INFO  - Entering email and password.. 
20:33:06.230 [main] INFO  - Goto my account-->Click on Login.. 
20:33:06.259 [main] INFO  - Entering email and password.. 
20:35:20.328 [main] INFO  - Goto my account-->Click on Login.. 
20:35:20.360 [main] INFO  - Entering email and password.. 
20:40:58.188 [main] INFO  - Goto my account-->Click on Login.. 
20:40:58.219 [main] INFO  - Entering email and password.. 
20:43:51.996 [main] INFO  - Goto my account-->Click on Login.. 
20:43:52.021 [main] INFO  - Entering email and password.. 
14:08:20.883 [main] INFO  - Goto my account-->Click on Login.. 
14:08:20.964 [main] INFO  - Entering email and password.. 
14:08:56.236 [main] INFO  - Entering Last name.. 
17:36:30.845 [main] INFO  - Goto my account-->Click on Login.. 
17:36:30.880 [main] INFO  - Entering email and password.. 
17:48:33.248 [main] INFO  - Goto my account-->Click on Login.. 
17:48:33.282 [main] INFO  - Entering email and password.. 
17:48:40.318 [main] INFO  - Entering Last name.. 
17:50:07.674 [main] INFO  - Goto my account-->Click on Login.. 
17:50:07.698 [main] INFO  - Entering email and password.. 
17:50:54.751 [main] INFO  - Entering Last name.. 
17:58:11.771 [main] INFO  - Goto my account-->Click on Login.. 
17:58:11.793 [main] INFO  - Entering email and password.. 
18:00:43.284 [main] INFO  - Goto my account-->Click on Login.. 
18:00:43.317 [main] INFO  - Entering email and password.. 
18:02:31.921 [main] INFO  - Goto my account-->Click on Login.. 
18:02:31.951 [main] INFO  - Entering email and password.. 
18:12:01.956 [main] INFO  - Goto my account-->Click on Login.. 
18:12:01.995 [main] INFO  - Entering email and password.. 
18:12:56.933 [main] INFO  - Entering Last name.. 
18:14:18.564 [main] INFO  - Goto my account-->Click on Login.. 
18:14:18.594 [main] INFO  - Entering email and password.. 
18:15:05.674 [main] INFO  - Entering Last name.. 
18:40:12.693 [main] INFO  - Goto my account-->Click on Login.. 
18:40:12.712 [main] INFO  - Entering email and password.. 
13:04:34.669 [main] INFO  - Goto my account-->Click on Login.. 
13:04:34.704 [main] INFO  - Entering email and password.. 
13:08:15.281 [main] INFO  - Goto my account-->Click on Login.. 
13:08:15.312 [main] INFO  - Entering email and password.. 
13:29:34.333 [main] INFO  - Goto my account-->Click on Login.. 
13:34:14.071 [main] INFO  - Goto my account-->Click on Login.. 
22:12:30.220 [main] INFO  - Goto my account-->Click on Login.. 
22:14:00.827 [main] INFO  - Goto my account-->Click on Login.. 
22:27:57.699 [main] INFO  - Goto my account-->Click on Login.. 
22:29:58.664 [main] INFO  - Goto my account-->Click on Login.. 
22:31:20.923 [main] INFO  - Goto my account-->Click on Login.. 
22:32:02.967 [main] INFO  - Goto my account-->Click on Login.. 
22:36:36.685 [main] INFO  - Goto my account-->Click on Login.. 
22:41:08.668 [main] INFO  - Goto my account-->Click on Login.. 
22:42:31.313 [main] INFO  - Goto my account-->Click on Login.. 
22:43:04.900 [main] INFO  - Goto my account-->Click on Login.. 
22:45:10.967 [main] INFO  - Goto my account-->Click on Login.. 
22:45:10.992 [main] INFO  - Entering email and password.. 
22:45:48.405 [main] INFO  - Entering Last name.. 
22:46:00.592 [main] INFO  - Entering First name.. 
22:46:00.753 [main] INFO  - Entering Zipcode.. 
22:46:19.171 [main] INFO  - Entering ReferralId.. 
22:51:38.548 [main] INFO  - Goto my account-->Click on Login.. 
22:51:38.580 [main] INFO  - Entering email and password.. 
22:52:25.740 [main] INFO  - Entering Last name.. 
22:58:31.530 [main] INFO  - Goto my account-->Click on Login.. 
22:58:31.550 [main] INFO  - Entering email and password.. 
22:59:20.093 [main] INFO  - Entering Last name.. 
23:06:17.962 [main] INFO  - Goto my account-->Click on Login.. 
23:06:17.989 [main] INFO  - Entering email and password.. 
23:07:05.062 [main] INFO  - Entering Last name.. 
23:16:36.207 [main] INFO  - Goto my account-->Click on Login.. 
23:16:36.247 [main] INFO  - Entering email and password.. 
23:17:13.303 [main] INFO  - Entering Last name.. 
17:51:15.493 [main] INFO  - Goto my account-->Click on Login.. 
17:51:15.508 [main] INFO  - Entering email and password.. 
17:51:32.125 [main] INFO  - Entering Last name.. 
17:51:38.591 [main] INFO  - Entering First name.. 
17:51:38.744 [main] INFO  - Entering Zipcode.. 
17:51:58.823 [main] INFO  - Entering ReferralId.. 
13:58:53.231 [main] INFO  - Goto my account-->Click on Login.. 
13:58:53.255 [main] INFO  - Entering email and password.. 
22:11:55.026 [main] INFO  - Goto my account-->Click on Login.. 
22:11:55.048 [main] INFO  - Entering email and password.. 
22:14:12.627 [main] INFO  - Goto my account-->Click on Login.. 
22:14:12.660 [main] INFO  - Entering email and password.. 
22:15:10.702 [main] INFO  - Goto my account-->Click on Login.. 
22:15:10.726 [main] INFO  - Entering email and password.. 
22:16:11.170 [main] INFO  - Goto my account-->Click on Login.. 
22:16:11.210 [main] INFO  - Entering email and password.. 
22:16:17.545 [main] INFO  - Entering Last name.. 
22:16:22.178 [main] INFO  - Entering First name.. 
22:16:22.258 [main] INFO  - Entering Zipcode.. 
22:16:37.221 [main] INFO  - Entering ReferralId.. 
22:18:00.681 [main] INFO  - Goto my account-->Click on Login.. 
22:18:00.714 [main] INFO  - Entering email and password.. 
22:18:47.803 [main] INFO  - Entering Last name.. 
22:23:37.931 [main] INFO  - Goto my account-->Click on Login.. 
22:23:37.958 [main] INFO  - Entering email and password.. 
22:23:56.139 [main] INFO  - Entering Last name.. 
22:24:01.132 [main] INFO  - Entering First name.. 
22:24:01.322 [main] INFO  - Entering Zipcode.. 
22:24:16.046 [main] INFO  - Entering ReferralId.. 
22:24:22.817 [main] INFO  - Entering PayorName.. 
22:26:26.448 [main] INFO  - Goto my account-->Click on Login.. 
22:26:26.475 [main] INFO  - Entering email and password.. 
22:26:57.822 [main] INFO  - Goto my account-->Click on Login.. 
22:26:57.848 [main] INFO  - Entering email and password.. 
22:27:26.782 [main] INFO  - Goto my account-->Click on Login.. 
22:27:26.809 [main] INFO  - Entering email and password.. 
22:27:43.544 [main] INFO  - Entering Last name.. 
22:27:44.604 [main] INFO  - Entering First name.. 
22:27:44.755 [main] INFO  - Entering Zipcode.. 
22:28:18.505 [main] INFO  - Entering ReferralId.. 
22:28:25.574 [main] INFO  - Entering PayorName.. 
22:28:48.464 [main] INFO  - Entering DOB.. 
22:31:57.233 [main] INFO  - Goto my account-->Click on Login.. 
22:31:57.256 [main] INFO  - Entering email and password.. 
22:41:20.871 [main] INFO  - Goto my account-->Click on Login.. 
22:41:20.905 [main] INFO  - Entering email and password.. 
22:42:48.351 [main] INFO  - Goto my account-->Click on Login.. 
22:42:48.381 [main] INFO  - Entering email and password.. 
22:45:41.932 [main] INFO  - Goto my account-->Click on Login.. 
22:45:41.971 [main] INFO  - Entering email and password.. 
22:47:30.935 [main] INFO  - Goto my account-->Click on Login.. 
22:47:30.963 [main] INFO  - Entering email and password.. 
22:51:51.636 [main] INFO  - Goto my account-->Click on Login.. 
22:51:51.670 [main] INFO  - Entering email and password.. 
22:54:17.109 [main] INFO  - Goto my account-->Click on Login.. 
22:54:17.143 [main] INFO  - Entering email and password.. 
22:54:23.606 [main] INFO  - Entering Last name.. 
22:54:29.273 [main] INFO  - Entering First name.. 
22:54:29.477 [main] INFO  - Entering Zipcode.. 
22:54:47.211 [main] INFO  - Entering ReferralId.. 
22:56:27.142 [main] INFO  - Goto my account-->Click on Login.. 
22:56:27.168 [main] INFO  - Entering email and password.. 
22:57:14.192 [main] INFO  - Entering Last name.. 
23:04:26.545 [main] INFO  - Goto my account-->Click on Login.. 
23:04:26.567 [main] INFO  - Entering email and password.. 
23:05:41.222 [main] INFO  - Goto my account-->Click on Login.. 
23:05:41.270 [main] INFO  - Entering email and password.. 
23:05:58.179 [main] INFO  - Entering Last name.. 
23:06:10.912 [main] INFO  - Entering First name.. 
23:06:11.093 [main] INFO  - Entering Zipcode.. 
23:06:39.054 [main] INFO  - Goto my account-->Click on Login.. 
23:06:39.092 [main] INFO  - Entering email and password.. 
23:07:47.479 [main] INFO  - Goto my account-->Click on Login.. 
23:07:47.508 [main] INFO  - Entering email and password.. 
23:08:26.223 [main] INFO  - Entering Last name.. 
23:08:26.481 [main] INFO  - Entering First name.. 
11:48:38.605 [main] INFO  - Goto my account-->Click on Login.. 
11:48:38.637 [main] INFO  - Entering email and password.. 
11:49:37.666 [main] INFO  - Goto my account-->Click on Login.. 
11:49:37.692 [main] INFO  - Entering email and password.. 
11:57:05.332 [main] INFO  - Goto my account-->Click on Login.. 
11:57:05.353 [main] INFO  - Entering email and password.. 
12:00:20.037 [main] INFO  - Goto my account-->Click on Login.. 
12:00:20.065 [main] INFO  - Entering email and password.. 
12:03:00.823 [main] INFO  - Goto my account-->Click on Login.. 
12:03:00.846 [main] INFO  - Entering email and password.. 
12:05:42.309 [main] INFO  - Goto my account-->Click on Login.. 
12:05:42.327 [main] INFO  - Entering email and password.. 
12:07:07.475 [main] INFO  - Goto my account-->Click on Login.. 
12:07:07.497 [main] INFO  - Entering email and password.. 
12:08:00.395 [main] INFO  - Entering Last name.. 
12:08:16.420 [main] INFO  - Entering First name.. 
12:08:16.512 [main] INFO  - Entering Zipcode.. 
12:08:32.518 [main] INFO  - Entering ReferralId.. 
12:08:43.752 [main] INFO  - Entering PayorName.. 
12:09:15.585 [main] INFO  - Entering DOB.. 
12:09:25.843 [main] INFO  - Entering primaryPhone.. 
12:09:26.363 [main] INFO  - Entering streetAddress.. 
12:09:26.557 [main] INFO  - Entering streetAddress.. 
12:31:38.153 [main] INFO  - Goto my account-->Click on Login.. 
12:31:38.177 [main] INFO  - Entering email and password.. 
12:34:11.059 [main] INFO  - Goto my account-->Click on Login.. 
12:34:11.084 [main] INFO  - Entering email and password.. 
12:35:00.178 [main] INFO  - Goto my account-->Click on Login.. 
12:35:00.211 [main] INFO  - Entering email and password.. 
13:34:53.061 [main] INFO  - Goto my account-->Click on Login.. 
13:34:53.093 [main] INFO  - Entering email and password.. 
13:40:35.031 [main] INFO  - Goto my account-->Click on Login.. 
13:40:35.077 [main] INFO  - Entering email and password.. 
13:42:57.259 [main] INFO  - Goto my account-->Click on Login.. 
13:42:57.287 [main] INFO  - Entering email and password.. 
13:56:54.621 [main] INFO  - Goto my account-->Click on Login.. 
13:56:54.647 [main] INFO  - Entering email and password.. 
14:02:37.331 [main] INFO  - Goto my account-->Click on Login.. 
14:02:37.356 [main] INFO  - Entering email and password.. 
14:03:45.772 [main] INFO  - Goto my account-->Click on Login.. 
14:03:45.813 [main] INFO  - Entering email and password.. 
14:04:45.209 [main] INFO  - Entering Last name.. 
14:56:25.076 [main] INFO  - Goto my account-->Click on Login.. 
14:56:25.106 [main] INFO  - Entering email and password.. 
15:13:22.095 [main] INFO  - Goto my account-->Click on Login.. 
15:13:22.128 [main] INFO  - Entering email and password.. 
17:10:58.367 [main] INFO  - Goto my account-->Click on Login.. 
17:10:58.398 [main] INFO  - Entering email and password.. 
17:27:41.922 [main] INFO  - Goto my account-->Click on Login.. 
17:27:41.949 [main] INFO  - Entering email and password.. 
17:27:56.633 [main] INFO  - Entering Last name.. 
17:28:00.242 [main] INFO  - Entering First name.. 
17:28:00.499 [main] INFO  - Entering Zipcode.. 
17:29:04.371 [main] INFO  - Goto my account-->Click on Login.. 
17:29:04.399 [main] INFO  - Entering email and password.. 
17:29:25.569 [main] INFO  - Entering Last name.. 
17:29:27.968 [main] INFO  - Entering First name.. 
17:29:28.087 [main] INFO  - Entering Zipcode.. 
17:29:42.992 [main] INFO  - Entering ReferralId.. 
17:29:53.872 [main] INFO  - Entering PayorName.. 
17:30:22.438 [main] INFO  - Entering DOB.. 
17:30:32.696 [main] INFO  - Entering primaryPhone.. 
17:30:33.261 [main] INFO  - Entering streetAddress.. 
17:30:33.465 [main] INFO  - Entering streetAddress.. 
17:31:23.737 [main] INFO  - Goto my account-->Click on Login.. 
17:31:23.768 [main] INFO  - Entering email and password.. 
17:33:23.221 [main] INFO  - Goto my account-->Click on Login.. 
17:33:23.254 [main] INFO  - Entering email and password.. 
17:33:31.428 [main] INFO  - Entering Last name.. 
17:33:33.724 [main] INFO  - Entering First name.. 
17:33:33.936 [main] INFO  - Entering Zipcode.. 
17:33:45.764 [main] INFO  - Entering ReferralId.. 
17:33:56.409 [main] INFO  - Entering PayorName.. 
17:34:24.247 [main] INFO  - Entering DOB.. 
17:34:34.483 [main] INFO  - Entering primaryPhone.. 
17:34:34.910 [main] INFO  - Entering streetAddress.. 
17:34:35.100 [main] INFO  - Entering streetAddress.. 
17:52:19.127 [main] INFO  - Goto my account-->Click on Login.. 
17:52:19.174 [main] INFO  - Entering email and password.. 
17:53:17.820 [main] INFO  - Goto my account-->Click on Login.. 
17:53:17.850 [main] INFO  - Entering email and password.. 
17:53:26.739 [main] INFO  - Entering Last name.. 
17:54:01.108 [main] INFO  - Goto my account-->Click on Login.. 
17:54:01.132 [main] INFO  - Entering email and password.. 
17:54:28.092 [main] INFO  - Goto my account-->Click on Login.. 
17:54:28.125 [main] INFO  - Entering email and password.. 
17:54:36.883 [main] INFO  - Entering Last name.. 
17:55:19.175 [main] INFO  - Goto my account-->Click on Login.. 
17:55:19.203 [main] INFO  - Entering email and password.. 
17:55:53.550 [main] INFO  - Entering Last name.. 
17:55:58.567 [main] INFO  - Entering First name.. 
17:55:58.848 [main] INFO  - Entering Zipcode.. 
17:56:14.626 [main] INFO  - Entering ReferralId.. 
17:56:25.162 [main] INFO  - Entering PayorName.. 
17:56:53.121 [main] INFO  - Entering DOB.. 
17:57:03.380 [main] INFO  - Entering primaryPhone.. 
17:57:08.892 [main] INFO  - Entering streetAddress.. 
17:57:09.119 [main] INFO  - Entering streetAddress.. 
17:59:31.671 [main] INFO  - Goto my account-->Click on Login.. 
17:59:31.699 [main] INFO  - Entering email and password.. 
18:00:06.189 [main] INFO  - Entering Last name.. 
18:00:07.955 [main] INFO  - Entering First name.. 
18:00:08.161 [main] INFO  - Entering Zipcode.. 
18:00:18.144 [main] INFO  - Entering ReferralId.. 
18:00:28.542 [main] INFO  - Entering PayorName.. 
18:01:04.934 [main] INFO  - Entering DOB.. 
18:01:15.259 [main] INFO  - Entering primaryPhone.. 
18:01:20.757 [main] INFO  - Entering streetAddress.. 
18:01:20.981 [main] INFO  - Entering streetAddress.. 
18:19:50.704 [main] INFO  - Goto my account-->Click on Login.. 
18:19:50.734 [main] INFO  - Entering email and password.. 
18:20:43.804 [main] INFO  - Goto my account-->Click on Login.. 
18:20:43.827 [main] INFO  - Entering email and password.. 
18:21:17.335 [main] INFO  - Entering Last name.. 
18:21:22.322 [main] INFO  - Entering First name.. 
18:21:22.431 [main] INFO  - Entering Zipcode.. 
18:21:37.814 [main] INFO  - Entering ReferralId.. 
18:21:48.672 [main] INFO  - Entering PayorName.. 
18:22:18.215 [main] INFO  - Entering DOB.. 
18:22:28.468 [main] INFO  - Entering primaryPhone.. 
18:22:34.005 [main] INFO  - Entering streetAddress.. 
18:22:34.234 [main] INFO  - Entering streetAddress.. 
18:31:46.891 [main] INFO  - Goto my account-->Click on Login.. 
18:31:46.922 [main] INFO  - Entering email and password.. 
18:39:05.485 [main] INFO  - Goto my account-->Click on Login.. 
18:39:05.517 [main] INFO  - Entering email and password.. 
18:52:47.601 [main] INFO  - Goto my account-->Click on Login.. 
18:52:47.632 [main] INFO  - Entering email and password.. 
18:53:23.805 [main] INFO  - Entering Last name.. 
18:53:28.596 [main] INFO  - Entering First name.. 
18:53:28.948 [main] INFO  - Entering Zipcode.. 
18:53:44.010 [main] INFO  - Entering ReferralId.. 
18:53:54.976 [main] INFO  - Entering PayorName.. 
18:54:25.066 [main] INFO  - Entering DOB.. 
18:54:35.390 [main] INFO  - Entering primaryPhone.. 
18:54:40.972 [main] INFO  - Entering streetAddress.. 
18:54:41.242 [main] INFO  - Entering streetAddress.. 
19:01:22.360 [main] INFO  - Goto my account-->Click on Login.. 
19:01:22.384 [main] INFO  - Entering email and password.. 
19:03:59.000 [main] INFO  - Goto my account-->Click on Login.. 
19:03:59.026 [main] INFO  - Entering email and password.. 
20:50:02.793 [main] INFO  - Goto my account-->Click on Login.. 
20:50:02.829 [main] INFO  - Entering email and password.. 
20:50:40.490 [main] INFO  - Goto my account-->Click on Login.. 
20:50:40.495 [main] INFO  - Entering email and password.. 
20:51:16.688 [main] INFO  - Entering Last name.. 
20:51:22.573 [main] INFO  - Entering First name.. 
20:51:22.710 [main] INFO  - Entering Zipcode.. 
20:51:37.479 [main] INFO  - Entering ReferralId.. 
20:51:48.518 [main] INFO  - Entering PayorName.. 
20:52:17.191 [main] INFO  - Entering DOB.. 
20:52:27.489 [main] INFO  - Entering primaryPhone.. 
20:52:32.989 [main] INFO  - Entering streetAddress.. 
20:52:33.197 [main] INFO  - Entering streetAddress.. 
21:27:32.725 [main] INFO  - Goto my account-->Click on Login.. 
21:27:32.755 [main] INFO  - Entering email and password.. 
21:28:15.415 [main] INFO  - Entering Last name.. 
21:28:49.820 [main] INFO  - Goto my account-->Click on Login.. 
21:28:49.842 [main] INFO  - Entering email and password.. 
21:28:58.706 [main] INFO  - Entering Last name.. 
21:29:12.885 [main] INFO  - Entering First name.. 
21:29:13.016 [main] INFO  - Entering Zipcode.. 
21:29:31.299 [main] INFO  - Goto my account-->Click on Login.. 
21:29:31.320 [main] INFO  - Entering email and password.. 
21:30:37.154 [main] INFO  - Goto my account-->Click on Login.. 
21:30:37.181 [main] INFO  - Entering email and password.. 
21:30:52.709 [main] INFO  - Entering Last name.. 
21:30:52.990 [main] INFO  - Entering First name.. 
21:31:26.449 [main] INFO  - Goto my account-->Click on Login.. 
21:31:26.473 [main] INFO  - Entering email and password.. 
21:31:47.182 [main] INFO  - Entering Last name.. 
21:31:48.196 [main] INFO  - Entering First name.. 
21:31:48.338 [main] INFO  - Entering Zipcode.. 
21:32:05.346 [main] INFO  - Entering ReferralId.. 
21:32:16.497 [main] INFO  - Entering PayorName.. 
21:33:35.568 [main] INFO  - Goto my account-->Click on Login.. 
21:33:35.600 [main] INFO  - Entering email and password.. 
21:34:40.109 [main] INFO  - Goto my account-->Click on Login.. 
21:34:40.147 [main] INFO  - Entering email and password.. 
21:35:16.645 [main] INFO  - Entering Last name.. 
21:35:21.471 [main] INFO  - Entering First name.. 
21:35:21.812 [main] INFO  - Entering Zipcode.. 
21:35:37.778 [main] INFO  - Entering ReferralId.. 
21:35:49.959 [main] INFO  - Entering PayorName.. 
21:36:18.192 [main] INFO  - Entering DOB.. 
21:36:28.446 [main] INFO  - Entering primaryPhone.. 
21:36:33.960 [main] INFO  - Entering streetAddress.. 
21:36:34.223 [main] INFO  - Entering streetAddress.. 
21:37:06.282 [main] INFO  - Entering streetAddress.. 
13:01:13.979 [main] INFO  - Goto my account-->Click on Login.. 
13:01:14.013 [main] INFO  - Entering email and password.. 
13:01:54.117 [main] INFO  - Entering Last name.. 
13:04:57.630 [main] INFO  - Goto my account-->Click on Login.. 
13:04:57.667 [main] INFO  - Entering email and password.. 
13:05:49.592 [main] INFO  - Entering Last name.. 
13:05:49.796 [main] INFO  - Entering First name.. 
13:05:50.018 [main] INFO  - Entering Zipcode.. 
13:06:07.587 [main] INFO  - Entering ReferralId.. 
13:06:17.732 [main] INFO  - Entering PayorName.. 
13:06:45.795 [main] INFO  - Entering DOB.. 
13:06:56.064 [main] INFO  - Entering primaryPhone.. 
13:07:01.437 [main] INFO  - Entering streetAddress.. 
13:07:01.688 [main] INFO  - Entering streetAddress.. 
13:07:33.693 [main] INFO  - Entering streetAddress.. 
13:19:57.518 [main] INFO  - Goto my account-->Click on Login.. 
13:19:57.542 [main] INFO  - Entering email and password.. 
13:20:41.158 [main] INFO  - Entering Last name.. 
13:20:41.406 [main] INFO  - Entering First name.. 
13:20:41.582 [main] INFO  - Entering Zipcode.. 
13:20:51.485 [main] INFO  - Entering ReferralId.. 
13:21:02.126 [main] INFO  - Entering PayorName.. 
13:21:30.651 [main] INFO  - Entering DOB.. 
13:21:40.956 [main] INFO  - Entering primaryPhone.. 
13:21:46.464 [main] INFO  - Entering streetAddress.. 
13:21:46.729 [main] INFO  - Entering streetAddress.. 
13:25:09.147 [main] INFO  - Goto my account-->Click on Login.. 
13:25:09.176 [main] INFO  - Entering email and password.. 
13:26:11.368 [main] INFO  - Entering Last name.. 
13:26:11.541 [main] INFO  - Entering First name.. 
13:26:11.716 [main] INFO  - Entering Zipcode.. 
13:26:22.127 [main] INFO  - Entering ReferralId.. 
13:26:32.864 [main] INFO  - Entering PayorName.. 
13:27:00.750 [main] INFO  - Entering DOB.. 
13:27:11.034 [main] INFO  - Entering primaryPhone.. 
13:27:16.570 [main] INFO  - Entering streetAddress.. 
13:27:16.807 [main] INFO  - Entering streetAddress.. 
13:27:59.960 [main] INFO  - Goto my account-->Click on Login.. 
13:27:59.987 [main] INFO  - Entering email and password.. 
13:28:52.899 [main] INFO  - Entering Last name.. 
13:28:53.091 [main] INFO  - Entering First name.. 
13:28:53.247 [main] INFO  - Entering Zipcode.. 
13:29:03.350 [main] INFO  - Entering ReferralId.. 
13:29:13.550 [main] INFO  - Entering PayorName.. 
13:29:40.998 [main] INFO  - Entering DOB.. 
13:29:51.293 [main] INFO  - Entering primaryPhone.. 
13:29:56.823 [main] INFO  - Entering streetAddress.. 
13:29:57.067 [main] INFO  - Entering streetAddress.. 
17:34:23.199 [main] INFO  - Goto my account-->Click on Login.. 
17:34:23.234 [main] INFO  - Entering email and password.. 
17:35:21.348 [main] INFO  - Goto my account-->Click on Login.. 
17:35:21.374 [main] INFO  - Entering email and password.. 
17:36:04.301 [main] INFO  - Entering Last name.. 
17:36:04.415 [main] INFO  - Entering First name.. 
17:36:04.535 [main] INFO  - Entering Zipcode.. 
17:36:41.259 [main] INFO  - Goto my account-->Click on Login.. 
17:36:41.290 [main] INFO  - Entering email and password.. 
17:37:37.567 [main] INFO  - Entering Last name.. 
17:37:37.659 [main] INFO  - Entering First name.. 
17:37:37.754 [main] INFO  - Entering Zipcode.. 
17:37:46.426 [main] INFO  - Entering ReferralId.. 
17:37:56.257 [main] INFO  - Entering PayorName.. 
17:38:30.528 [main] INFO  - Goto my account-->Click on Login.. 
17:38:30.552 [main] INFO  - Entering email and password.. 
17:38:54.865 [main] INFO  - Entering Last name.. 
17:38:55.024 [main] INFO  - Entering First name.. 
17:38:55.137 [main] INFO  - Entering Zipcode.. 
17:39:48.360 [main] INFO  - Entering ReferralId.. 
17:39:57.603 [main] INFO  - Entering PayorName.. 
17:40:25.006 [main] INFO  - Entering DOB.. 
17:40:35.172 [main] INFO  - Entering primaryPhone.. 
17:40:40.472 [main] INFO  - Entering streetAddress.. 
17:40:40.591 [main] INFO  - Entering streetAddress.. 
17:45:50.819 [main] INFO  - Goto my account-->Click on Login.. 
17:45:50.854 [main] INFO  - Entering email and password.. 
17:46:41.517 [main] INFO  - Entering Last name.. 
17:46:41.619 [main] INFO  - Entering First name.. 
17:46:41.725 [main] INFO  - Entering Zipcode.. 
17:46:50.251 [main] INFO  - Entering ReferralId.. 
17:46:59.850 [main] INFO  - Entering PayorName.. 
17:47:26.567 [main] INFO  - Entering DOB.. 
17:47:36.715 [main] INFO  - Entering primaryPhone.. 
17:47:42.001 [main] INFO  - Entering streetAddress.. 
17:47:42.125 [main] INFO  - Entering streetAddress.. 
17:51:58.516 [main] INFO  - Goto my account-->Click on Login.. 
17:51:58.544 [main] INFO  - Entering email and password.. 
17:52:44.416 [main] INFO  - Goto my account-->Click on Login.. 
17:52:44.448 [main] INFO  - Entering email and password.. 
17:54:04.774 [main] INFO  - Goto my account-->Click on Login.. 
17:54:04.840 [main] INFO  - Entering email and password.. 
17:55:18.163 [main] INFO  - Goto my account-->Click on Login.. 
17:55:18.193 [main] INFO  - Entering email and password.. 
17:58:30.697 [main] INFO  - Goto my account-->Click on Login.. 
17:58:30.724 [main] INFO  - Entering email and password.. 
17:59:15.975 [main] INFO  - Entering Last name.. 
17:59:16.056 [main] INFO  - Entering First name.. 
17:59:16.202 [main] INFO  - Entering Zipcode.. 
14:14:52.097 [main] INFO  - Goto my account-->Click on Login.. 
14:14:52.125 [main] INFO  - Entering email and password.. 
14:17:15.907 [main] INFO  - Goto my account-->Click on Login.. 
14:17:15.935 [main] INFO  - Entering email and password.. 
14:19:14.476 [main] INFO  - Goto my account-->Click on Login.. 
14:19:14.512 [main] INFO  - Entering email and password.. 
14:19:52.250 [main] INFO  - Goto my account-->Click on Login.. 
14:19:52.251 [main] INFO  - Entering email and password.. 
14:20:23.799 [main] INFO  - Entering Last name.. 
14:20:23.920 [main] INFO  - Entering First name.. 
14:20:24.043 [main] INFO  - Entering Zipcode.. 
14:20:37.726 [main] INFO  - Entering ReferralId.. 
14:20:47.869 [main] INFO  - Entering PayorName.. 
14:21:16.966 [main] INFO  - Entering DOB.. 
14:21:27.122 [main] INFO  - Entering primaryPhone.. 
14:21:32.406 [main] INFO  - Entering streetAddress.. 
14:21:32.527 [main] INFO  - Entering streetAddress.. 
14:29:24.976 [main] INFO  - Goto my account-->Click on Login.. 
14:29:25.007 [main] INFO  - Entering email and password.. 
14:30:06.783 [main] INFO  - Goto my account-->Click on Login.. 
14:30:06.786 [main] INFO  - Entering email and password.. 
14:36:18.679 [main] INFO  - Goto my account-->Click on Login.. 
14:36:18.703 [main] INFO  - Entering email and password.. 
14:36:35.288 [main] INFO  - Goto my account-->Click on Login.. 
14:36:35.290 [main] INFO  - Entering email and password.. 
14:37:47.930 [main] INFO  - Goto my account-->Click on Login.. 
14:37:47.961 [main] INFO  - Entering email and password.. 
14:37:57.393 [main] INFO  - Entering Last name.. 
14:38:00.551 [main] INFO  - Entering First name.. 
14:38:00.654 [main] INFO  - Entering Zipcode.. 
14:38:05.937 [main] INFO  - Goto my account-->Click on Login.. 
14:38:05.938 [main] INFO  - Entering email and password.. 
14:38:28.503 [main] INFO  - Entering Last name.. 
14:38:28.638 [main] INFO  - Entering First name.. 
14:38:28.831 [main] INFO  - Entering Zipcode.. 
14:38:37.730 [main] INFO  - Entering ReferralId.. 
14:38:47.691 [main] INFO  - Entering PayorName.. 
14:39:17.924 [main] INFO  - Entering DOB.. 
14:39:28.117 [main] INFO  - Entering primaryPhone.. 
14:39:33.414 [main] INFO  - Entering streetAddress.. 
14:39:33.534 [main] INFO  - Entering streetAddress.. 
16:31:40.513 [main] INFO  - Goto my account-->Click on Login.. 
16:31:40.540 [main] INFO  - Entering email and password.. 
16:33:49.298 [main] INFO  - Goto my account-->Click on Login.. 
16:33:49.300 [main] INFO  - Entering email and password.. 
16:34:08.052 [main] INFO  - Entering Last name.. 
16:34:08.145 [main] INFO  - Entering First name.. 
16:34:08.237 [main] INFO  - Entering Zipcode.. 
16:34:19.815 [main] INFO  - Entering ReferralId.. 
16:34:30.170 [main] INFO  - Entering PayorName.. 
16:34:57.424 [main] INFO  - Entering DOB.. 
16:35:07.577 [main] INFO  - Entering primaryPhone.. 
16:35:12.855 [main] INFO  - Entering streetAddress.. 
16:35:12.978 [main] INFO  - Entering streetAddress.. 
16:48:26.962 [main] INFO  - Goto my account-->Click on Login.. 
16:48:26.992 [main] INFO  - Entering email and password.. 
16:58:37.153 [main] INFO  - Goto my account-->Click on Login.. 
16:58:37.189 [main] INFO  - Entering email and password.. 
17:00:16.805 [main] INFO  - Goto my account-->Click on Login.. 
17:00:16.832 [main] INFO  - Entering email and password.. 
17:00:39.272 [main] INFO  - Entering Last name.. 
17:00:49.150 [main] INFO  - Entering First name.. 
17:00:49.333 [main] INFO  - Entering Zipcode.. 
17:00:54.825 [main] INFO  - Goto my account-->Click on Login.. 
17:00:54.827 [main] INFO  - Entering email and password.. 
17:01:15.813 [main] INFO  - Goto my account-->Click on Login.. 
17:01:15.840 [main] INFO  - Entering email and password.. 
17:03:26.133 [main] INFO  - Goto my account-->Click on Login.. 
17:03:26.165 [main] INFO  - Entering email and password.. 
17:04:30.611 [main] INFO  - Goto my account-->Click on Login.. 
17:04:30.613 [main] INFO  - Entering email and password.. 
17:05:13.552 [main] INFO  - Entering Last name.. 
17:05:13.699 [main] INFO  - Entering First name.. 
17:05:13.825 [main] INFO  - Entering Zipcode.. 
17:05:26.440 [main] INFO  - Entering ReferralId.. 
17:05:36.495 [main] INFO  - Entering PayorName.. 
17:06:03.951 [main] INFO  - Entering DOB.. 
17:06:14.126 [main] INFO  - Entering primaryPhone.. 
17:06:19.428 [main] INFO  - Entering streetAddress.. 
17:06:19.544 [main] INFO  - Entering streetAddress.. 
17:08:49.103 [main] INFO  - Goto my account-->Click on Login.. 
17:08:49.125 [main] INFO  - Entering email and password.. 
17:09:38.775 [main] INFO  - Goto my account-->Click on Login.. 
17:09:38.799 [main] INFO  - Entering email and password.. 
17:09:59.713 [main] INFO  - Goto my account-->Click on Login.. 
17:09:59.713 [main] INFO  - Entering email and password.. 
17:10:51.168 [main] INFO  - Goto my account-->Click on Login.. 
17:10:51.304 [main] DEBUG - Parsing relationship: /xl/_rels/workbook.xml.rels
17:10:51.309 [main] DEBUG - Parsing relationship: /xl/worksheets/_rels/sheet1.xml.rels
17:10:51.312 [main] DEBUG - Parsing relationship: /_rels/.rels
17:10:51.459 [main] TRACE - Loading type system org.apache.poi.schemas.ooxml.system.ooxml
17:10:51.461 [main] TRACE - Loading type system org.apache.xmlbeans.metadata.system.sXMLCONFIG
17:10:51.462 [main] TRACE - Loading type system org.apache.xmlbeans.metadata.system.sXMLLANG
17:10:51.463 [main] TRACE - Loading type system org.apache.xmlbeans.metadata.system.sXMLSCHEMA
17:10:51.463 [main] TRACE - Loading type system org.apache.xmlbeans.metadata.system.sXMLTOOLS
17:10:51.465 [main] TRACE - Reading unresolved handles for type system org.apache.xmlbeans.metadata.system.sXMLTOOLS
17:10:51.481 [main] TRACE - Finished loading type system org.apache.xmlbeans.metadata.system.sXMLTOOLS
17:10:51.483 [main] TRACE - Reading unresolved handles for type system org.apache.xmlbeans.metadata.system.sXMLSCHEMA
17:10:51.489 [main] TRACE - Finished loading type system org.apache.xmlbeans.metadata.system.sXMLSCHEMA
17:10:51.495 [main] TRACE - Reading unresolved handles for type system org.apache.xmlbeans.metadata.system.sXMLLANG
17:10:51.499 [main] TRACE - Finished loading type system org.apache.xmlbeans.metadata.system.sXMLLANG
17:10:51.501 [main] TRACE - Reading unresolved handles for type system org.apache.xmlbeans.metadata.system.sXMLCONFIG
17:10:51.502 [main] TRACE - Finished loading type system org.apache.xmlbeans.metadata.system.sXMLCONFIG
17:10:51.504 [main] TRACE - Reading unresolved handles for type system org.apache.poi.schemas.ooxml.system.ooxml
17:10:51.571 [main] TRACE - Finished loading type system org.apache.poi.schemas.ooxml.system.ooxml
17:10:51.572 [main] TRACE - Resolving type for handle themefd26doctype
17:10:51.630 [main] TRACE - Resolving type for handle stylesheet5d8bdoctype
17:10:51.637 [main] TRACE - Resolving type for handle ctstylesheet4257type
17:10:51.643 [main] TRACE - Resolving type for handle ctfonts6623type
17:10:51.648 [main] TRACE - Resolving type for handle ctfont14d8type
17:10:51.655 [main] TRACE - Resolving type for handle ctfills2c6ftype
17:10:51.659 [main] TRACE - Resolving type for handle ctfill550ctype
17:10:51.661 [main] TRACE - Resolving type for handle ctborders0d66type
17:10:51.666 [main] TRACE - Resolving type for handle ctborderf935type
17:10:51.670 [main] TRACE - Resolving type for handle ctcellxfs1322type
17:10:51.674 [main] TRACE - Resolving type for handle ctxf97f7type
17:10:51.679 [main] TRACE - Resolving type for handle ctcellstylexfsa81ftype
17:10:51.684 [main] TRACE - Resolving type for handle ctdxfsb26atype
17:10:51.688 [main] TRACE - Resolving type for handle cttablestyles872ftype
17:10:51.693 [main] TRACE - Resolving type for handle sstf81fdoctype
17:10:51.704 [main] TRACE - Resolving type for handle ctsst44f3type
17:10:51.715 [main] TRACE - Resolving type for handle ctrsta472type
17:10:51.733 [main] DEBUG - using default POIXMLDocumentPart for http://schemas.openxmlformats.org/officeDocument/2006/relationships/printerSettings
17:10:51.734 [main] TRACE - Resolving type for handle workbookec17doctype
17:10:51.739 [main] TRACE - Resolving type for handle ctworkbook83c3type
17:10:51.745 [main] TRACE - Resolving type for handle ctsheets49fdtype
17:10:51.747 [main] TRACE - Resolving type for handle ctsheet4dbetype
17:10:51.749 [main] TRACE - Resolving type for handle strelationshipid1e94type
17:10:51.752 [main] TRACE - Resolving type for handle worksheetf539doctype
17:10:51.762 [main] TRACE - Resolving type for handle ctworksheet530dtype
17:10:51.768 [main] TRACE - Resolving type for handle ctsheetdata8408type
17:10:51.772 [main] TRACE - Resolving type for handle ctrowdd39type
17:10:51.778 [main] TRACE - Resolving type for handle ctcell842btype
17:10:51.784 [main] TRACE - Resolving type for handle stcellrefe4e0type
17:10:51.793 [main] TRACE - Resolving type for handle ctcols627ctype
17:10:51.797 [main] TRACE - Resolving type for handle ctcola95ftype
17:10:51.830 [main] TRACE - Resolving type for handle cthyperlinks6416type
17:10:51.832 [main] TRACE - Resolving type for handle cthyperlink0c85type
17:10:51.839 [main] TRACE - Resolving type for handle stxstringf179type
17:10:51.842 [main] TRACE - Resolving type for handle stcelltypebf95type
17:20:26.247 [main] INFO  - Goto my account-->Click on Login.. 
17:20:26.273 [main] INFO  - Entering email and password.. 
17:21:27.330 [main] INFO  - Entering Last name.. 
17:21:27.419 [main] INFO  - Entering First name.. 
17:21:27.507 [main] INFO  - Entering Zipcode.. 
17:21:44.426 [main] INFO  - Goto my account-->Click on Login.. 
17:21:44.447 [main] INFO  - Entering email and password.. 
17:22:02.806 [main] INFO  - Entering Last name.. 
17:22:02.905 [main] INFO  - Entering First name.. 
17:22:03.015 [main] INFO  - Entering Zipcode.. 
17:24:27.321 [main] INFO  - Goto my account-->Click on Login.. 
17:24:27.359 [main] INFO  - Entering email and password.. 
17:26:42.946 [main] INFO  - Goto my account-->Click on Login.. 
17:26:42.970 [main] INFO  - Entering email and password.. 
17:28:16.617 [main] INFO  - Goto my account-->Click on Login.. 
17:28:16.648 [main] INFO  - Entering email and password.. 
17:37:46.746 [main] INFO  - Goto my account-->Click on Login.. 
17:37:46.774 [main] INFO  - Entering email and password.. 
17:38:30.625 [main] INFO  - Entering Last name.. 
17:38:30.853 [main] INFO  - Entering First name.. 
17:38:30.964 [main] INFO  - Entering Zipcode.. 
17:39:39.109 [main] INFO  - Goto my account-->Click on Login.. 
17:39:39.141 [main] INFO  - Entering email and password.. 
17:40:26.812 [main] INFO  - Entering Last name.. 
17:40:26.915 [main] INFO  - Entering First name.. 
17:40:27.001 [main] INFO  - Entering Zipcode.. 
18:08:10.272 [main] INFO  - Goto my account-->Click on Login.. 
18:08:10.297 [main] INFO  - Entering email and password.. 
18:08:48.702 [main] INFO  - Entering Last name.. 
18:08:48.809 [main] INFO  - Entering First name.. 
18:08:48.890 [main] INFO  - Entering Zipcode.. 
18:10:45.773 [main] INFO  - Goto my account-->Click on Login.. 
18:10:45.798 [main] INFO  - Entering email and password.. 
18:11:24.180 [main] INFO  - Entering Last name.. 
18:11:24.279 [main] INFO  - Entering First name.. 
18:11:24.460 [main] INFO  - Entering Zipcode.. 
18:12:41.969 [main] INFO  - Goto my account-->Click on Login.. 
18:12:41.995 [main] INFO  - Entering email and password.. 
18:12:53.602 [main] INFO  - Entering Last name.. 
18:12:53.712 [main] INFO  - Entering First name.. 
18:12:53.828 [main] INFO  - Entering Zipcode.. 
18:13:06.921 [main] INFO  - Entering ReferralId.. 
18:13:16.823 [main] INFO  - Entering PayorName.. 
18:14:50.643 [main] INFO  - Goto my account-->Click on Login.. 
18:14:50.691 [main] INFO  - Entering email and password.. 
18:15:30.525 [main] INFO  - Entering Last name.. 
18:15:30.634 [main] INFO  - Entering First name.. 
18:15:30.857 [main] INFO  - Entering Zipcode.. 
18:16:36.384 [main] INFO  - Goto my account-->Click on Login.. 
18:16:36.413 [main] INFO  - Entering email and password.. 
18:18:21.864 [main] INFO  - Goto my account-->Click on Login.. 
18:18:21.907 [main] INFO  - Entering email and password.. 
18:18:55.790 [main] INFO  - Entering Last name.. 
18:18:58.898 [main] INFO  - Entering First name.. 
18:18:59.162 [main] INFO  - Entering Zipcode.. 
18:20:35.641 [main] INFO  - Goto my account-->Click on Login.. 
18:20:35.665 [main] INFO  - Entering email and password.. 
18:20:44.162 [main] INFO  - Entering Last name.. 
18:21:02.955 [main] INFO  - Entering First name.. 
18:21:03.050 [main] INFO  - Entering Zipcode.. 
18:22:07.145 [main] INFO  - Goto my account-->Click on Login.. 
18:22:07.169 [main] INFO  - Entering email and password.. 
18:31:36.572 [main] INFO  - Goto my account-->Click on Login.. 
18:31:36.597 [main] INFO  - Entering email and password.. 
19:56:03.410 [main] INFO  - Goto my account-->Click on Login.. 
19:56:03.438 [main] INFO  - Entering email and password.. 
19:58:01.436 [main] INFO  - Goto my account-->Click on Login.. 
19:58:01.469 [main] INFO  - Entering email and password.. 
20:01:12.784 [main] INFO  - Goto my account-->Click on Login.. 
20:01:12.818 [main] INFO  - Entering email and password.. 
20:03:00.924 [main] INFO  - Goto my account-->Click on Login.. 
20:03:00.952 [main] INFO  - Entering email and password.. 
20:03:44.585 [main] INFO  - Entering Last name.. 
20:03:45.658 [main] INFO  - Entering First name.. 
20:03:45.850 [main] INFO  - Entering Zipcode.. 
20:03:59.049 [main] INFO  - Entering ReferralId.. 
20:04:09.610 [main] INFO  - Entering PayorName.. 
20:04:37.483 [main] INFO  - Entering DOB.. 
20:04:47.761 [main] INFO  - Entering primaryPhone.. 
20:04:53.238 [main] INFO  - Entering streetAddress.. 
20:04:53.462 [main] INFO  - Entering streetAddress.. 
20:10:08.200 [main] INFO  - Goto my account-->Click on Login.. 
20:10:08.231 [main] INFO  - Entering email and password.. 
20:11:23.900 [main] INFO  - Goto my account-->Click on Login.. 
20:11:23.925 [main] INFO  - Entering email and password.. 
20:12:15.356 [main] INFO  - Goto my account-->Click on Login.. 
20:12:15.379 [main] INFO  - Entering email and password.. 
20:12:24.047 [main] INFO  - Entering Last name.. 
20:12:25.650 [main] INFO  - Entering First name.. 
20:12:25.881 [main] INFO  - Entering Zipcode.. 
20:12:37.226 [main] INFO  - Entering ReferralId.. 
20:12:47.985 [main] INFO  - Entering PayorName.. 
20:13:16.219 [main] INFO  - Entering DOB.. 
