20:13:26.489 [main] INFO  - Entering primaryPhone.. 
20:13:32.056 [main] INFO  - Entering streetAddress.. 
20:13:32.328 [main] INFO  - Entering streetAddress.. 
20:42:10.311 [main] INFO  - Goto my account-->Click on Login.. 
20:42:10.340 [main] INFO  - Entering email and password.. 
20:43:17.968 [main] INFO  - Goto my account-->Click on Login.. 
20:43:18.000 [main] INFO  - Entering email and password.. 
20:43:53.895 [main] INFO  - Entering Last name.. 
20:43:58.558 [main] INFO  - Entering First name.. 
20:43:58.931 [main] INFO  - Entering Zipcode.. 
20:44:13.915 [main] INFO  - Entering ReferralId.. 
20:44:24.759 [main] INFO  - Entering PayorName.. 
20:44:53.201 [main] INFO  - Entering DOB.. 
20:45:03.476 [main] INFO  - Entering primaryPhone.. 
20:45:09.031 [main] INFO  - Entering streetAddress.. 
20:45:09.262 [main] INFO  - Entering streetAddress.. 
20:47:29.577 [main] INFO  - Goto my account-->Click on Login.. 
20:47:29.602 [main] INFO  - Entering email and password.. 
20:48:35.356 [main] INFO  - Goto my account-->Click on Login.. 
20:48:35.380 [main] INFO  - Entering email and password.. 
20:49:15.647 [main] INFO  - Goto my account-->Click on Login.. 
20:49:15.677 [main] INFO  - Entering email and password.. 
20:49:30.696 [main] INFO  - Entering Last name.. 
20:50:03.840 [main] INFO  - Goto my account-->Click on Login.. 
20:50:03.866 [main] INFO  - Entering email and password.. 
20:50:38.061 [main] INFO  - Entering Last name.. 
20:50:42.540 [main] INFO  - Entering First name.. 
20:50:42.693 [main] INFO  - Entering Zipcode.. 
20:51:07.476 [main] INFO  - Entering ReferralId.. 
20:51:18.433 [main] INFO  - Entering PayorName.. 
20:51:46.598 [main] INFO  - Entering DOB.. 
20:51:56.874 [main] INFO  - Entering primaryPhone.. 
20:52:02.446 [main] INFO  - Entering streetAddress.. 
20:52:02.683 [main] INFO  - Entering streetAddress.. 
20:59:07.367 [main] INFO  - Goto my account-->Click on Login.. 
20:59:07.400 [main] INFO  - Entering email and password.. 
20:59:48.280 [main] INFO  - Entering Last name.. 
21:00:11.092 [main] INFO  - Goto my account-->Click on Login.. 
21:00:11.119 [main] INFO  - Entering email and password.. 
21:00:20.074 [main] INFO  - Entering Last name.. 
21:01:11.374 [main] INFO  - Goto my account-->Click on Login.. 
21:01:11.403 [main] INFO  - Entering email and password.. 
21:02:02.519 [main] INFO  - Goto my account-->Click on Login.. 
21:02:02.550 [main] INFO  - Entering email and password.. 
21:02:34.791 [main] INFO  - Entering Last name.. 
21:02:39.774 [main] INFO  - Entering First name.. 
21:02:40.142 [main] INFO  - Entering Zipcode.. 
21:02:56.304 [main] INFO  - Entering ReferralId.. 
21:03:07.160 [main] INFO  - Entering PayorName.. 
21:03:35.418 [main] INFO  - Entering DOB.. 
21:03:45.671 [main] INFO  - Entering primaryPhone.. 
21:03:51.293 [main] INFO  - Entering streetAddress.. 
21:03:51.535 [main] INFO  - Entering streetAddress.. 
21:04:44.418 [main] INFO  - Entering streetAddress.. 
22:25:00.172 [main] INFO  - Goto my account-->Click on Login.. 
22:25:00.198 [main] INFO  - Entering email and password.. 
22:25:40.396 [main] INFO  - Entering Last name.. 
22:28:21.316 [main] INFO  - Goto my account-->Click on Login.. 
22:28:21.346 [main] INFO  - Entering email and password.. 
22:29:04.690 [main] INFO  - Entering Last name.. 
22:29:04.945 [main] INFO  - Entering First name.. 
22:29:05.132 [main] INFO  - Entering Zipcode.. 
22:29:27.899 [main] INFO  - Entering ReferralId.. 
22:29:39.263 [main] INFO  - Entering PayorName.. 
22:30:09.399 [main] INFO  - Entering DOB.. 
22:30:19.670 [main] INFO  - Entering primaryPhone.. 
22:30:25.225 [main] INFO  - Entering streetAddress.. 
22:30:25.509 [main] INFO  - Entering streetAddress.. 
22:31:18.575 [main] INFO  - Entering ACISPatientID.. 
22:31:18.842 [main] INFO  - Entering BranchUser.. 
22:45:58.406 [main] INFO  - Goto my account-->Click on Login.. 
22:45:58.430 [main] INFO  - Entering email and password.. 
22:46:53.134 [main] INFO  - Goto my account-->Click on Login.. 
22:46:53.163 [main] INFO  - Entering email and password.. 
22:47:27.111 [main] INFO  - Goto my account-->Click on Login.. 
22:47:27.139 [main] INFO  - Entering email and password.. 
22:47:36.039 [main] INFO  - Entering Last name.. 
22:48:17.805 [main] INFO  - Goto my account-->Click on Login.. 
22:48:17.834 [main] INFO  - Entering email and password.. 
22:49:27.119 [main] INFO  - Goto my account-->Click on Login.. 
22:49:27.148 [main] INFO  - Entering email and password.. 
22:49:58.443 [main] INFO  - Entering Last name.. 
22:50:14.188 [main] INFO  - Entering First name.. 
22:50:14.404 [main] INFO  - Entering Zipcode.. 
22:50:34.014 [main] INFO  - Entering ReferralId.. 
22:50:45.328 [main] INFO  - Entering PayorName.. 
22:51:15.780 [main] INFO  - Entering DOB.. 
22:51:26.045 [main] INFO  - Entering primaryPhone.. 
22:51:31.517 [main] INFO  - Entering streetAddress.. 
22:51:31.751 [main] INFO  - Entering streetAddress.. 
22:52:24.584 [main] INFO  - Entering ACISPatientID.. 
22:52:24.785 [main] INFO  - Entering BranchUser.. 
22:52:24.879 [main] INFO  - Entering Intake.. 
22:57:59.207 [main] INFO  - Goto my account-->Click on Login.. 
22:57:59.233 [main] INFO  - Entering email and password.. 
22:59:30.088 [main] INFO  - Goto my account-->Click on Login.. 
22:59:30.110 [main] INFO  - Entering email and password.. 
23:01:41.536 [main] INFO  - Goto my account-->Click on Login.. 
23:01:41.562 [main] INFO  - Entering email and password.. 
23:02:57.423 [main] INFO  - Goto my account-->Click on Login.. 
23:02:57.455 [main] INFO  - Entering email and password.. 
23:03:06.874 [main] INFO  - Entering Last name.. 
23:03:15.150 [main] INFO  - Entering First name.. 
23:03:15.434 [main] INFO  - Entering Zipcode.. 
23:03:32.459 [main] INFO  - Entering ReferralId.. 
23:03:43.506 [main] INFO  - Entering PayorName.. 
23:04:13.811 [main] INFO  - Entering DOB.. 
23:04:24.080 [main] INFO  - Entering primaryPhone.. 
23:04:29.629 [main] INFO  - Entering streetAddress.. 
23:04:29.917 [main] INFO  - Entering streetAddress.. 
23:05:23.060 [main] INFO  - Entering ACISPatientID.. 
23:05:23.264 [main] INFO  - Entering BranchUser.. 
23:05:23.384 [main] INFO  - Entering Intake.. 
16:30:11.913 [main] INFO  - Goto my account-->Click on Login.. 
16:30:11.961 [main] INFO  - Entering email and password.. 
16:30:12.382 [main] INFO  - Goto my account-->Click on Login.. 
16:30:12.474 [main] INFO  - Entering email and password.. 
16:30:47.536 [main] INFO  - Entering Last name.. 
16:30:48.636 [main] INFO  - Entering Last name.. 
16:30:53.362 [main] INFO  - Entering First name.. 
16:30:53.579 [main] INFO  - Entering First name.. 
16:30:53.774 [main] INFO  - Entering Zipcode.. 
16:30:53.976 [main] INFO  - Entering Zipcode.. 
16:31:09.146 [main] INFO  - Entering ReferralId.. 
16:31:19.777 [main] INFO  - Entering PayorName.. 
16:31:49.635 [main] INFO  - Entering DOB.. 
16:31:59.930 [main] INFO  - Entering primaryPhone.. 
16:32:05.445 [main] INFO  - Entering streetAddress.. 
16:32:05.607 [main] INFO  - Entering streetAddress.. 
16:32:58.543 [main] INFO  - Entering ACISPatientID.. 
16:32:58.798 [main] INFO  - Entering BranchUser.. 
16:32:58.919 [main] INFO  - Entering Intake.. 
16:56:14.113 [main] INFO  - Goto my account-->Click on Login.. 
16:56:14.138 [main] INFO  - Entering email and password.. 
16:56:57.473 [main] INFO  - Entering Last name.. 
17:00:05.551 [main] INFO  - Goto my account-->Click on Login.. 
17:00:05.577 [main] INFO  - Entering email and password.. 
17:00:47.882 [main] INFO  - Entering Last name.. 
17:00:48.147 [main] INFO  - Entering First name.. 
17:00:50.295 [main] INFO  - Entering Zipcode.. 
17:11:47.222 [main] INFO  - Goto my account-->Click on Login.. 
17:11:47.249 [main] INFO  - Entering email and password.. 
17:12:27.658 [main] INFO  - Entering Last name.. 
17:13:03.029 [main] INFO  - Goto my account-->Click on Login.. 
17:13:03.063 [main] INFO  - Entering email and password.. 
17:13:13.226 [main] INFO  - Entering Last name.. 
17:13:14.830 [main] INFO  - Entering First name.. 
17:13:14.983 [main] INFO  - Entering Zipcode.. 
17:13:29.389 [main] INFO  - Entering ReferralId.. 
17:13:39.991 [main] INFO  - Entering PayorName.. 
17:14:08.058 [main] INFO  - Entering DOB.. 
17:14:18.317 [main] INFO  - Entering primaryPhone.. 
17:14:23.885 [main] INFO  - Entering streetAddress.. 
17:14:24.125 [main] INFO  - Entering streetAddress.. 
17:15:17.208 [main] INFO  - Entering ACISPatientID.. 
17:15:17.423 [main] INFO  - Entering BranchUser.. 
17:15:17.589 [main] INFO  - Entering Intake.. 
17:19:09.717 [main] INFO  - Goto my account-->Click on Login.. 
17:19:09.798 [main] INFO  - Entering email and password.. 
17:19:10.299 [main] INFO  - Goto my account-->Click on Login.. 
17:19:10.366 [main] INFO  - Entering email and password.. 
17:20:04.881 [main] INFO  - Goto my account-->Click on Login.. 
17:20:04.904 [main] INFO  - Entering email and password.. 
17:20:14.939 [main] INFO  - Entering Last name.. 
17:20:19.477 [main] INFO  - Entering First name.. 
17:20:19.654 [main] INFO  - Entering Zipcode.. 
17:20:33.485 [main] INFO  - Entering ReferralId.. 
17:20:44.407 [main] INFO  - Entering PayorName.. 
17:21:13.212 [main] INFO  - Entering DOB.. 
17:21:23.573 [main] INFO  - Entering primaryPhone.. 
17:21:29.055 [main] INFO  - Entering streetAddress.. 
17:21:29.313 [main] INFO  - Entering streetAddress.. 
17:22:22.450 [main] INFO  - Entering ACISPatientID.. 
17:22:22.653 [main] INFO  - Entering BranchUser.. 
17:22:22.820 [main] INFO  - Entering Intake.. 
17:43:11.303 [main] INFO  - Goto my account-->Click on Login.. 
17:43:11.327 [main] INFO  - Entering email and password.. 
18:12:29.039 [main] INFO  - Goto my account-->Click on Login.. 
18:12:29.071 [main] INFO  - Entering email and password.. 
18:14:08.392 [main] INFO  - Goto my account-->Click on Login.. 
18:14:08.417 [main] INFO  - Entering email and password.. 
18:45:09.654 [main] INFO  - Goto my account-->Click on Login.. 
18:45:09.682 [main] INFO  - Entering email and password.. 
18:52:49.397 [main] INFO  - Goto my account-->Click on Login.. 
18:52:49.429 [main] INFO  - Entering email and password.. 
18:57:15.713 [main] INFO  - Goto my account-->Click on Login.. 
18:57:15.739 [main] INFO  - Entering email and password.. 
14:00:48.654 [main] INFO  - Goto my account-->Click on Login.. 
14:00:48.716 [main] INFO  - Entering email and password.. 
14:02:01.207 [main] INFO  - Goto my account-->Click on Login.. 
14:02:01.268 [main] INFO  - Entering email and password.. 
14:03:20.901 [main] INFO  - Goto my account-->Click on Login.. 
14:03:20.978 [main] INFO  - Entering email and password.. 
14:03:31.664 [main] INFO  - Entering Last name.. 
14:03:33.479 [main] INFO  - Entering First name.. 
14:03:33.919 [main] INFO  - Entering Zipcode.. 
14:03:48.195 [main] INFO  - Entering ReferralId.. 
14:07:37.956 [main] INFO  - Goto my account-->Click on Login.. 
14:07:38.019 [main] INFO  - Entering email and password.. 
13:56:43.561 [main] INFO  - Goto my account-->Click on Login.. 
13:56:43.588 [main] INFO  - Entering email and password.. 
13:58:19.507 [main] INFO  - Goto my account-->Click on Login.. 
13:58:19.532 [main] INFO  - Entering email and password.. 
13:58:32.818 [main] INFO  - Entering Last name.. 
13:59:15.688 [main] INFO  - Goto my account-->Click on Login.. 
13:59:15.714 [main] INFO  - Entering email and password.. 
14:00:22.738 [main] INFO  - Goto my account-->Click on Login.. 
14:00:22.766 [main] INFO  - Entering email and password.. 
14:00:32.257 [main] INFO  - Entering Last name.. 
14:00:33.792 [main] INFO  - Entering First name.. 
14:00:33.935 [main] INFO  - Entering Zipcode.. 
14:00:58.135 [main] INFO  - Entering ReferralId.. 
14:01:08.933 [main] INFO  - Entering PayorName.. 
14:01:38.799 [main] INFO  - Entering DOB.. 
14:01:48.953 [main] INFO  - Entering primaryPhone.. 
14:01:54.254 [main] INFO  - Entering streetAddress.. 
14:01:54.357 [main] INFO  - Entering streetAddress.. 
14:03:07.259 [main] INFO  - Entering ACISPatientID.. 
14:03:07.364 [main] INFO  - Entering BranchUser.. 
14:03:07.467 [main] INFO  - Entering Intake.. 
17:37:01.296 [main] INFO  - Goto my account-->Click on Login.. 
17:37:01.321 [main] INFO  - Entering email and password.. 
17:37:38.100 [main] INFO  - Entering Last name.. 
17:37:45.119 [main] INFO  - Entering First name.. 
17:37:45.321 [main] INFO  - Entering Zipcode.. 
17:37:59.998 [main] INFO  - Entering ReferralId.. 
17:38:11.397 [main] INFO  - Entering PayorName.. 
17:38:40.354 [main] INFO  - Entering DOB.. 
17:38:50.627 [main] INFO  - Entering primaryPhone.. 
17:38:56.183 [main] INFO  - Entering streetAddress.. 
17:38:56.419 [main] INFO  - Entering streetAddress.. 
17:40:10.028 [main] INFO  - Entering ACISPatientID.. 
17:40:10.230 [main] INFO  - Entering BranchUser.. 
17:40:10.411 [main] INFO  - Entering Intake.. 
17:41:34.191 [main] INFO  - Goto my account-->Click on Login.. 
17:41:34.220 [main] INFO  - Entering email and password.. 
17:42:00.015 [main] INFO  - Entering Last name.. 
17:42:26.950 [main] INFO  - Goto my account-->Click on Login.. 
17:42:26.954 [main] INFO  - Entering email and password.. 
17:43:14.998 [main] INFO  - Entering Last name.. 
17:43:15.258 [main] INFO  - Entering First name.. 
17:43:15.450 [main] INFO  - Entering Zipcode.. 
21:34:52.372 [main] INFO  - Goto my account-->Click on Login.. 
21:34:52.401 [main] INFO  - Entering email and password.. 
21:35:34.919 [main] INFO  - Entering Last name.. 
21:35:35.081 [main] INFO  - Entering First name.. 
21:35:35.244 [main] INFO  - Entering Zipcode.. 
21:35:58.579 [main] INFO  - Entering ReferralId.. 
21:36:09.881 [main] INFO  - Entering PayorName.. 
21:36:39.907 [main] INFO  - Entering DOB.. 
21:36:50.217 [main] INFO  - Entering primaryPhone.. 
21:36:55.603 [main] INFO  - Entering streetAddress.. 
21:36:55.847 [main] INFO  - Entering streetAddress.. 
21:38:09.365 [main] INFO  - Entering ACISPatientID.. 
21:38:09.634 [main] INFO  - Entering BranchUser.. 
21:38:09.813 [main] INFO  - Entering Intake.. 
21:38:22.813 [main] INFO  - Goto my account-->Click on Login.. 
21:38:22.818 [main] INFO  - Entering email and password.. 
21:38:48.199 [main] INFO  - Entering Last name.. 
21:38:48.359 [main] INFO  - Entering First name.. 
21:38:48.586 [main] INFO  - Entering Zipcode.. 
21:40:57.392 [main] INFO  - Goto my account-->Click on Login.. 
21:40:57.444 [main] INFO  - Entering email and password.. 
21:41:33.072 [main] INFO  - Entering Last name.. 
21:41:39.064 [main] INFO  - Entering First name.. 
21:41:39.188 [main] INFO  - Entering Zipcode.. 
21:41:55.053 [main] INFO  - Entering ReferralId.. 
21:42:06.593 [main] INFO  - Entering PayorName.. 
21:42:35.710 [main] INFO  - Entering DOB.. 
21:42:45.934 [main] INFO  - Entering primaryPhone.. 
21:42:51.261 [main] INFO  - Entering streetAddress.. 
21:42:51.407 [main] INFO  - Entering streetAddress.. 
21:44:01.153 [main] INFO  - Goto my account-->Click on Login.. 
21:44:01.161 [main] INFO  - Entering email and password.. 
21:44:26.108 [main] INFO  - Entering Last name.. 
21:44:31.374 [main] INFO  - Entering First name.. 
21:44:31.495 [main] INFO  - Entering Zipcode.. 
21:44:45.323 [main] INFO  - Entering ReferralId.. 
21:44:56.445 [main] INFO  - Entering PayorName.. 
21:45:24.665 [main] INFO  - Entering DOB.. 
21:45:34.947 [main] INFO  - Entering primaryPhone.. 
21:45:40.533 [main] INFO  - Entering streetAddress.. 
21:45:40.756 [main] INFO  - Entering streetAddress.. 
21:46:54.224 [main] INFO  - Entering ACISPatientID.. 
21:46:54.474 [main] INFO  - Entering BranchUser.. 
21:46:54.664 [main] INFO  - Entering Intake.. 
21:56:43.632 [main] INFO  - Goto my account-->Click on Login.. 
21:56:43.666 [main] INFO  - Entering email and password.. 
21:57:26.234 [main] INFO  - Entering Last name.. 
22:02:09.409 [main] INFO  - Goto my account-->Click on Login.. 
22:02:09.447 [main] INFO  - Entering email and password.. 
22:02:51.899 [main] INFO  - Entering Last name.. 
22:02:52.060 [main] INFO  - Entering First name.. 
22:02:52.218 [main] INFO  - Entering Zipcode.. 
22:03:19.587 [main] INFO  - Entering ReferralId.. 
22:03:30.791 [main] INFO  - Entering PayorName.. 
22:03:59.893 [main] INFO  - Entering DOB.. 
22:04:10.112 [main] INFO  - Entering primaryPhone.. 
22:04:15.607 [main] INFO  - Entering streetAddress.. 
22:04:15.884 [main] INFO  - Entering streetAddress.. 
22:05:25.970 [main] INFO  - Goto my account-->Click on Login.. 
22:05:25.973 [main] INFO  - Entering email and password.. 
22:05:45.970 [main] INFO  - Entering Last name.. 
22:05:47.064 [main] INFO  - Entering First name.. 
22:05:47.210 [main] INFO  - Entering Zipcode.. 
22:05:59.076 [main] INFO  - Entering ReferralId.. 
22:06:09.925 [main] INFO  - Entering PayorName.. 
22:06:38.409 [main] INFO  - Entering DOB.. 
22:06:48.686 [main] INFO  - Entering primaryPhone.. 
22:06:54.348 [main] INFO  - Entering streetAddress.. 
22:06:54.632 [main] INFO  - Entering streetAddress.. 
22:07:58.172 [main] INFO  - Entering ACISPatientID.. 
22:07:58.423 [main] INFO  - Entering BranchUser.. 
22:07:58.625 [main] INFO  - Entering Intake.. 
13:42:05.465 [main] INFO  - Goto my account-->Click on Login.. 
13:42:05.531 [main] INFO  - Entering email and password.. 
13:42:41.842 [main] INFO  - Entering Last name.. 
13:42:48.744 [main] INFO  - Entering First name.. 
13:42:48.901 [main] INFO  - Entering Zipcode.. 
13:43:08.072 [main] INFO  - Entering ReferralId.. 
13:43:19.516 [main] INFO  - Entering PayorName.. 
13:43:50.620 [main] INFO  - Entering DOB.. 
13:44:00.928 [main] INFO  - Entering primaryPhone.. 
13:44:06.648 [main] INFO  - Entering streetAddress.. 
13:44:06.889 [main] INFO  - Entering streetAddress.. 
13:45:18.353 [main] INFO  - Goto my account-->Click on Login.. 
13:45:18.358 [main] INFO  - Entering email and password.. 
20:41:54.441 [main] INFO  - Goto my account-->Click on Login.. 
20:41:54.464 [main] INFO  - Entering email and password.. 
20:42:29.010 [main] INFO  - Entering Last name.. 
20:42:35.534 [main] INFO  - Entering First name.. 
20:42:35.886 [main] INFO  - Entering Zipcode.. 
20:42:52.198 [main] INFO  - Entering ReferralId.. 
20:43:02.760 [main] INFO  - Entering PayorName.. 
20:43:32.777 [main] INFO  - Entering DOB.. 
20:43:43.059 [main] INFO  - Entering primaryPhone.. 
20:43:48.588 [main] INFO  - Entering streetAddress.. 
20:43:48.837 [main] INFO  - Entering streetAddress.. 
20:44:56.943 [main] INFO  - Goto my account-->Click on Login.. 
20:44:56.951 [main] INFO  - Entering email and password.. 
20:45:20.293 [main] INFO  - Entering Last name.. 
20:48:09.715 [main] INFO  - Goto my account-->Click on Login.. 
20:48:09.741 [main] INFO  - Entering email and password.. 
20:48:44.091 [main] INFO  - Entering Last name.. 
20:48:50.041 [main] INFO  - Entering First name.. 
20:48:50.253 [main] INFO  - Entering Zipcode.. 
20:49:37.235 [main] INFO  - Goto my account-->Click on Login.. 
20:49:37.239 [main] INFO  - Entering email and password.. 
20:50:00.059 [main] INFO  - Entering Last name.. 
21:35:33.725 [main] INFO  - Goto my account-->Click on Login.. 
21:35:33.757 [main] INFO  - Entering email and password.. 
21:36:08.147 [main] INFO  - Entering Last name.. 
21:36:12.861 [main] INFO  - Entering First name.. 
21:36:13.019 [main] INFO  - Entering Zipcode.. 
21:36:26.601 [main] INFO  - Entering ReferralId.. 
21:36:36.597 [main] INFO  - Entering PayorName.. 
21:37:04.125 [main] INFO  - Entering DOB.. 
21:37:14.324 [main] INFO  - Entering primaryPhone.. 
21:37:19.636 [main] INFO  - Entering streetAddress.. 
21:37:19.789 [main] INFO  - Entering streetAddress.. 
21:38:28.870 [main] INFO  - Goto my account-->Click on Login.. 
21:38:28.875 [main] INFO  - Entering email and password.. 
21:38:51.831 [main] INFO  - Entering Last name.. 
21:43:54.421 [main] INFO  - Goto my account-->Click on Login.. 
21:43:54.446 [main] INFO  - Entering email and password.. 
21:44:29.890 [main] INFO  - Entering Last name.. 
21:44:35.383 [main] INFO  - Entering First name.. 
21:44:35.550 [main] INFO  - Entering Zipcode.. 
21:44:52.688 [main] INFO  - Entering ReferralId.. 
21:45:09.434 [main] INFO  - Goto my account-->Click on Login.. 
21:45:09.434 [main] INFO  - Entering email and password.. 
21:45:32.897 [main] INFO  - Entering Last name.. 
14:13:51.840 [main] INFO  - Goto my account-->Click on Login.. 
14:13:51.874 [main] INFO  - Entering email and password.. 
14:14:26.759 [main] INFO  - Entering Last name.. 
14:14:33.562 [main] INFO  - Entering First name.. 
14:14:33.719 [main] INFO  - Entering Zipcode.. 
14:14:50.074 [main] INFO  - Entering ReferralId.. 
14:15:01.275 [main] INFO  - Entering PayorName.. 
14:15:32.622 [main] INFO  - Entering DOB.. 
14:15:42.965 [main] INFO  - Entering primaryPhone.. 
14:15:48.562 [main] INFO  - Entering streetAddress.. 
14:15:48.807 [main] INFO  - Entering streetAddress.. 
14:16:58.456 [main] INFO  - Goto my account-->Click on Login.. 
14:16:58.461 [main] INFO  - Entering email and password.. 
14:17:22.259 [main] INFO  - Entering Last name.. 
14:17:31.386 [main] INFO  - Entering First name.. 
14:17:31.523 [main] INFO  - Entering Zipcode.. 
14:17:41.857 [main] INFO  - Entering ReferralId.. 
14:17:51.936 [main] INFO  - Entering PayorName.. 
14:18:20.213 [main] INFO  - Entering DOB.. 
14:18:30.491 [main] INFO  - Entering primaryPhone.. 
14:18:35.892 [main] INFO  - Entering streetAddress.. 
14:18:36.169 [main] INFO  - Entering streetAddress.. 
14:19:49.708 [main] INFO  - Entering ACISPatientID.. 
14:19:49.961 [main] INFO  - Entering BranchUser.. 
14:19:50.152 [main] INFO  - Entering Intake.. 
14:27:19.148 [main] INFO  - Goto my account-->Click on Login.. 
14:27:19.186 [main] INFO  - Entering email and password.. 
14:27:56.455 [main] INFO  - Goto my account-->Click on Login.. 
14:27:56.459 [main] INFO  - Entering email and password.. 
14:28:32.606 [main] INFO  - Entering Last name.. 
14:28:37.969 [main] INFO  - Entering First name.. 
14:28:38.128 [main] INFO  - Entering Zipcode.. 
14:28:52.543 [main] INFO  - Entering ReferralId.. 
14:29:03.477 [main] INFO  - Entering PayorName.. 
14:29:32.198 [main] INFO  - Entering DOB.. 
14:29:42.485 [main] INFO  - Entering primaryPhone.. 
14:29:48.070 [main] INFO  - Entering streetAddress.. 
14:29:48.295 [main] INFO  - Entering streetAddress.. 
14:31:02.037 [main] INFO  - Entering ACISPatientID.. 
14:31:02.267 [main] INFO  - Entering BranchUser.. 
14:31:02.451 [main] INFO  - Entering Intake.. 
17:34:50.254 [main] INFO  - Goto my account-->Click on Login.. 
17:34:50.302 [main] INFO  - Entering email and password.. 
17:35:28.152 [main] INFO  - Goto my account-->Click on Login.. 
17:35:28.155 [main] INFO  - Entering email and password.. 
17:52:22.753 [main] INFO  - Goto my account-->Click on Login.. 
17:52:22.796 [main] INFO  - Entering email and password.. 
17:52:59.459 [main] INFO  - Entering Last name.. 
17:53:04.624 [main] INFO  - Entering First name.. 
17:53:04.792 [main] INFO  - Entering Zipcode.. 
17:53:53.465 [main] INFO  - Goto my account-->Click on Login.. 
17:53:53.473 [main] INFO  - Entering email and password.. 
17:54:03.270 [main] INFO  - Entering Last name.. 
13:27:18.058 [main] INFO  - Goto my account-->Click on Login.. 
13:27:18.113 [main] INFO  - Entering email and password.. 
13:28:05.148 [main] INFO  - Goto my account-->Click on Login.. 
13:28:05.153 [main] INFO  - Entering email and password.. 
13:28:41.169 [main] INFO  - Entering Last name.. 
13:28:44.387 [main] INFO  - Entering First name.. 
13:28:44.573 [main] INFO  - Entering Zipcode.. 
16:55:05.914 [main] INFO  - Goto my account-->Click on Login.. 
16:55:05.953 [main] INFO  - Entering email and password.. 
16:55:47.808 [main] INFO  - Entering Last name.. 
16:55:54.824 [main] INFO  - Goto my account-->Click on Login.. 
16:55:54.834 [main] INFO  - Entering email and password.. 
16:56:19.402 [main] INFO  - Entering Last name.. 
17:02:27.193 [main] INFO  - Goto my account-->Click on Login.. 
17:02:27.258 [main] INFO  - Entering email and password.. 
17:03:03.467 [main] INFO  - Entering Last name.. 
17:03:10.095 [main] INFO  - Entering First name.. 
17:03:10.456 [main] INFO  - Entering Zipcode.. 
17:05:35.421 [main] INFO  - Goto my account-->Click on Login.. 
17:05:35.484 [main] INFO  - Entering email and password.. 
17:09:31.231 [main] INFO  - Goto my account-->Click on Login.. 
17:09:31.266 [main] INFO  - Entering email and password.. 
17:10:07.410 [main] INFO  - Entering Last name.. 
17:10:12.439 [main] INFO  - Entering First name.. 
17:10:12.780 [main] INFO  - Entering Zipcode.. 
12:53:15.242 [main] INFO  - Goto my account-->Click on Login.. 
12:53:15.274 [main] INFO  - Entering email and password.. 
12:53:51.633 [main] INFO  - Entering Last name.. 
12:54:07.485 [main] INFO  - Entering First name.. 
12:54:07.654 [main] INFO  - Entering Zipcode.. 
13:12:17.696 [main] INFO  - Goto my account-->Click on Login.. 
13:12:17.771 [main] INFO  - Entering email and password.. 
13:20:50.116 [main] INFO  - Goto my account-->Click on Login.. 
13:20:50.204 [main] INFO  - Entering email and password.. 
13:21:32.167 [main] INFO  - Entering Last name.. 
13:21:32.586 [main] INFO  - Entering First name.. 
13:21:32.770 [main] INFO  - Entering Zipcode.. 
13:23:32.785 [main] INFO  - Goto my account-->Click on Login.. 
13:23:32.824 [main] INFO  - Entering email and password.. 
13:24:24.446 [main] INFO  - Entering Last name.. 
13:24:37.187 [main] INFO  - Entering First name.. 
13:24:37.410 [main] INFO  - Entering Zipcode.. 
13:24:54.424 [main] INFO  - Entering ReferralId.. 
13:25:11.980 [main] INFO  - Goto my account-->Click on Login.. 
13:25:11.990 [main] INFO  - Entering email and password.. 
13:27:36.041 [main] INFO  - Goto my account-->Click on Login.. 
13:27:36.080 [main] INFO  - Entering email and password.. 
13:28:14.047 [main] INFO  - Goto my account-->Click on Login.. 
13:28:14.055 [main] INFO  - Entering email and password.. 
13:28:42.555 [main] INFO  - Entering Last name.. 
13:28:48.614 [main] INFO  - Entering First name.. 
13:28:48.751 [main] INFO  - Entering Zipcode.. 
13:29:00.647 [main] INFO  - Entering ReferralId.. 
13:29:12.028 [main] INFO  - Entering PayorName.. 
13:29:45.338 [main] INFO  - Entering DOB.. 
13:29:55.588 [main] INFO  - Entering primaryPhone.. 
13:30:01.173 [main] INFO  - Entering streetAddress.. 
13:30:01.415 [main] INFO  - Entering streetAddress.. 
13:31:15.173 [main] INFO  - Entering ACISPatientID.. 
13:31:15.406 [main] INFO  - Entering BranchUser.. 
13:31:15.591 [main] INFO  - Entering Intake.. 
13:36:06.269 [main] INFO  - Goto my account-->Click on Login.. 
13:36:06.314 [main] INFO  - Entering email and password.. 
13:36:48.422 [main] INFO  - Goto my account-->Click on Login.. 
13:36:48.430 [main] INFO  - Entering email and password.. 
13:36:58.003 [main] INFO  - Entering Last name.. 
13:37:04.800 [main] INFO  - Entering First name.. 
13:37:04.947 [main] INFO  - Entering Zipcode.. 
13:37:21.176 [main] INFO  - Entering ReferralId.. 
13:46:55.472 [main] INFO  - Goto my account-->Click on Login.. 
13:46:55.517 [main] INFO  - Entering email and password.. 
13:47:34.227 [main] INFO  - Goto my account-->Click on Login.. 
13:47:34.237 [main] INFO  - Entering email and password.. 
16:03:04.162 [main] INFO  - Goto my account-->Click on Login.. 
16:03:04.190 [main] INFO  - Entering email and password.. 
16:03:42.225 [main] INFO  - Entering Last name.. 
16:03:43.377 [main] INFO  - Entering First name.. 
16:03:43.518 [main] INFO  - Entering Zipcode.. 
16:03:54.283 [main] INFO  - Entering ReferralId.. 
16:04:04.816 [main] INFO  - Entering PayorName.. 
16:04:32.900 [main] INFO  - Entering DOB.. 
16:04:43.213 [main] INFO  - Entering primaryPhone.. 
16:04:48.682 [main] INFO  - Entering streetAddress.. 
16:04:48.935 [main] INFO  - Entering streetAddress.. 
16:06:02.614 [main] INFO  - Entering ACISPatientID.. 
16:06:02.821 [main] INFO  - Entering BranchUser.. 
16:06:02.983 [main] INFO  - Entering Intake.. 
16:33:28.741 [main] INFO  - Goto my account-->Click on Login.. 
16:33:28.796 [main] INFO  - Entering email and password.. 
16:34:17.511 [main] INFO  - Goto my account-->Click on Login.. 
16:34:17.512 [main] INFO  - Entering email and password.. 
16:34:52.448 [main] INFO  - Entering Last name.. 
16:34:56.933 [main] INFO  - Entering First name.. 
16:34:57.103 [main] INFO  - Entering Zipcode.. 
16:35:12.405 [main] INFO  - Entering ReferralId.. 
16:37:17.820 [main] INFO  - Goto my account-->Click on Login.. 
16:37:17.853 [main] INFO  - Entering email and password.. 
16:37:27.460 [main] INFO  - Entering Last name.. 
16:40:47.926 [main] INFO  - Goto my account-->Click on Login.. 
16:40:47.968 [main] INFO  - Entering email and password.. 
16:41:24.571 [main] INFO  - Entering Last name.. 
16:41:29.879 [main] INFO  - Entering First name.. 
16:41:30.097 [main] INFO  - Entering Zipcode.. 
16:54:12.649 [main] INFO  - Goto my account-->Click on Login.. 
16:54:12.737 [main] INFO  - Entering email and password.. 
16:55:19.936 [main] INFO  - Goto my account-->Click on Login.. 
16:55:19.971 [main] INFO  - Entering email and password.. 
16:56:05.481 [main] INFO  - Goto my account-->Click on Login.. 
16:56:05.515 [main] INFO  - Entering email and password.. 
16:56:22.172 [main] INFO  - Entering Last name.. 
16:56:22.647 [main] INFO  - Entering First name.. 
16:56:22.831 [main] INFO  - Entering Zipcode.. 
16:57:22.058 [main] INFO  - Goto my account-->Click on Login.. 
16:57:22.104 [main] INFO  - Entering email and password.. 
16:57:31.413 [main] INFO  - Entering Last name.. 
16:58:33.861 [main] INFO  - Goto my account-->Click on Login.. 
16:58:33.902 [main] INFO  - Entering email and password.. 
16:58:43.323 [main] INFO  - Entering Last name.. 
16:58:58.152 [main] INFO  - Entering First name.. 
16:58:58.326 [main] INFO  - Entering Zipcode.. 
16:59:10.617 [main] INFO  - Entering ReferralId.. 
16:59:22.073 [main] INFO  - Entering PayorName.. 
16:59:52.156 [main] INFO  - Entering DOB.. 
17:00:02.496 [main] INFO  - Entering primaryPhone.. 
17:00:08.098 [main] INFO  - Entering streetAddress.. 
17:00:08.372 [main] INFO  - Entering streetAddress.. 
17:01:22.049 [main] INFO  - Entering ACISPatientID.. 
17:01:22.260 [main] INFO  - Entering BranchUser.. 
17:01:22.430 [main] INFO  - Entering Intake.. 
17:59:25.035 [main] INFO  - Goto my account-->Click on Login.. 
17:59:25.084 [main] INFO  - Entering email and password.. 
17:59:50.481 [main] INFO  - Entering Last name.. 
17:59:55.608 [main] INFO  - Entering First name.. 
17:59:55.787 [main] INFO  - Entering Zipcode.. 
18:00:10.982 [main] INFO  - Entering ReferralId.. 
18:00:22.476 [main] INFO  - Entering PayorName.. 
18:01:06.910 [main] INFO  - Goto my account-->Click on Login.. 
18:01:06.954 [main] INFO  - Entering email and password.. 
18:02:01.047 [main] INFO  - Entering Last name.. 
18:02:49.611 [main] INFO  - Goto my account-->Click on Login.. 
18:02:49.661 [main] INFO  - Entering email and password.. 
18:02:59.944 [main] INFO  - Entering Last name.. 
18:03:01.548 [main] INFO  - Entering First name.. 
18:03:01.685 [main] INFO  - Entering Zipcode.. 
18:03:16.362 [main] INFO  - Entering ReferralId.. 
18:03:27.343 [main] INFO  - Entering PayorName.. 
18:03:55.579 [main] INFO  - Entering DOB.. 
18:04:05.830 [main] INFO  - Entering primaryPhone.. 
18:04:11.288 [main] INFO  - Entering streetAddress.. 
18:04:11.554 [main] INFO  - Entering streetAddress.. 
18:05:25.022 [main] INFO  - Entering ACISPatientID.. 
18:05:25.214 [main] INFO  - Entering BranchUser.. 
18:05:25.359 [main] INFO  - Entering Intake.. 
18:06:53.860 [main] INFO  - Entering GroupNumber.. 
22:19:22.276 [main] INFO  - Goto my account-->Click on Login.. 
22:19:22.340 [main] INFO  - Entering email and password.. 
22:20:05.575 [main] INFO  - Entering Last name.. 
22:20:07.798 [main] INFO  - Entering First name.. 
22:20:08.143 [main] INFO  - Entering Zipcode.. 
22:20:23.733 [main] INFO  - Entering ReferralId.. 
22:20:35.707 [main] INFO  - Entering PayorName.. 
22:21:05.800 [main] INFO  - Entering DOB.. 
22:21:16.153 [main] INFO  - Entering primaryPhone.. 
22:21:22.014 [main] INFO  - Entering streetAddress.. 
22:21:22.309 [main] INFO  - Entering streetAddress.. 
22:22:36.253 [main] INFO  - Entering ACISPatientID.. 
22:22:36.682 [main] INFO  - Entering BranchUser.. 
22:22:36.887 [main] INFO  - Entering Intake.. 
22:23:26.304 [main] INFO  - Entering GroupNumber.. 
22:27:42.850 [main] INFO  - Goto my account-->Click on Login.. 
22:27:42.931 [main] INFO  - Entering email and password.. 
22:29:01.831 [main] INFO  - Goto my account-->Click on Login.. 
22:29:01.896 [main] INFO  - Entering email and password.. 
22:29:11.897 [main] INFO  - Entering Last name.. 
22:29:54.023 [main] INFO  - Goto my account-->Click on Login.. 
22:29:54.079 [main] INFO  - Entering email and password.. 
22:30:04.938 [main] INFO  - Entering Last name.. 
22:30:06.795 [main] INFO  - Entering First name.. 
22:30:07.133 [main] INFO  - Entering Zipcode.. 
22:30:22.320 [main] INFO  - Entering ReferralId.. 
22:30:48.184 [main] INFO  - Goto my account-->Click on Login.. 
22:30:48.238 [main] INFO  - Entering email and password.. 
22:30:58.758 [main] INFO  - Entering Last name.. 
22:31:17.040 [main] INFO  - Entering First name.. 
22:31:17.291 [main] INFO  - Entering Zipcode.. 
22:32:38.037 [main] INFO  - Goto my account-->Click on Login.. 
22:32:38.102 [main] INFO  - Entering email and password.. 
22:32:47.985 [main] INFO  - Entering Last name.. 
22:33:31.384 [main] INFO  - Goto my account-->Click on Login.. 
22:33:31.449 [main] INFO  - Entering email and password.. 
22:33:41.727 [main] INFO  - Entering Last name.. 
22:33:53.265 [main] INFO  - Entering First name.. 
22:33:53.501 [main] INFO  - Entering Zipcode.. 
22:35:08.846 [main] INFO  - Goto my account-->Click on Login.. 
22:35:08.902 [main] INFO  - Entering email and password.. 
22:35:18.645 [main] INFO  - Entering Last name.. 
22:36:08.124 [main] INFO  - Goto my account-->Click on Login.. 
22:36:08.221 [main] INFO  - Entering email and password.. 
22:36:19.383 [main] INFO  - Entering Last name.. 
22:39:01.535 [main] INFO  - Goto my account-->Click on Login.. 
22:39:01.583 [main] INFO  - Entering email and password.. 
22:39:35.754 [main] INFO  - Entering Last name.. 
22:39:37.054 [main] INFO  - Entering First name.. 
22:39:37.236 [main] INFO  - Entering Zipcode.. 
22:39:49.607 [main] INFO  - Entering ReferralId.. 
22:40:28.853 [main] INFO  - Goto my account-->Click on Login.. 
22:40:28.909 [main] INFO  - Entering email and password.. 
22:40:39.231 [main] INFO  - Entering Last name.. 
22:41:28.294 [main] INFO  - Goto my account-->Click on Login.. 
22:41:28.367 [main] INFO  - Entering email and password.. 
22:41:38.444 [main] INFO  - Entering Last name.. 
22:41:56.997 [main] INFO  - Entering First name.. 
22:41:57.214 [main] INFO  - Entering Zipcode.. 
22:42:12.478 [main] INFO  - Entering ReferralId.. 
22:42:23.770 [main] INFO  - Entering PayorName.. 
22:42:54.500 [main] INFO  - Entering DOB.. 
22:43:04.873 [main] INFO  - Entering primaryPhone.. 
22:43:10.555 [main] INFO  - Entering streetAddress.. 
22:43:10.855 [main] INFO  - Entering streetAddress.. 
22:44:25.154 [main] INFO  - Entering ACISPatientID.. 
22:44:25.459 [main] INFO  - Entering BranchUser.. 
22:44:25.700 [main] INFO  - Entering Intake.. 
22:45:15.187 [main] INFO  - Entering GroupNumber.. 
12:33:58.495 [main] INFO  - Goto my account-->Click on Login.. 
12:33:58.527 [main] INFO  - Entering email and password.. 
12:34:43.276 [main] INFO  - Entering Last name.. 
12:35:56.251 [main] INFO  - Goto my account-->Click on Login.. 
12:35:56.275 [main] INFO  - Entering email and password.. 
12:36:30.373 [main] INFO  - Entering Last name.. 
12:36:40.820 [main] INFO  - Entering First name.. 
12:36:40.906 [main] INFO  - Entering Zipcode.. 
12:36:58.263 [main] INFO  - Entering ReferralId.. 
12:37:08.646 [main] INFO  - Entering PayorName.. 
12:37:38.879 [main] INFO  - Entering DOB.. 
12:37:49.092 [main] INFO  - Entering primaryPhone.. 
12:37:54.379 [main] INFO  - Entering streetAddress.. 
12:37:54.479 [main] INFO  - Entering streetAddress.. 
12:39:07.396 [main] INFO  - Entering ACISPatientID.. 
12:39:07.524 [main] INFO  - Entering BranchUser.. 
12:39:07.614 [main] INFO  - Entering Intake.. 
12:39:55.946 [main] INFO  - Entering GroupNumber.. 
13:27:06.057 [main] INFO  - Goto my account-->Click on Login.. 
13:27:06.082 [main] INFO  - Entering email and password.. 
13:31:14.836 [main] INFO  - Goto my account-->Click on Login.. 
13:31:14.865 [main] INFO  - Entering email and password.. 
13:31:49.912 [main] INFO  - Entering Last name.. 
13:31:54.890 [main] INFO  - Entering First name.. 
13:31:55.017 [main] INFO  - Entering Zipcode.. 
13:34:01.828 [main] INFO  - Goto my account-->Click on Login.. 
13:34:01.853 [main] INFO  - Entering email and password.. 
13:36:42.248 [main] INFO  - Goto my account-->Click on Login.. 
13:36:42.278 [main] INFO  - Entering email and password.. 
13:37:34.900 [main] INFO  - Goto my account-->Click on Login.. 
13:37:34.925 [main] INFO  - Entering email and password.. 
13:38:29.055 [main] INFO  - Goto my account-->Click on Login.. 
13:38:29.079 [main] INFO  - Entering email and password.. 
13:38:48.276 [main] INFO  - Entering Last name.. 
13:38:48.450 [main] INFO  - Entering First name.. 
13:38:48.789 [main] INFO  - Entering Zipcode.. 
13:40:08.214 [main] INFO  - Goto my account-->Click on Login.. 
13:40:08.244 [main] INFO  - Entering email and password.. 
13:40:36.883 [main] INFO  - Entering Last name.. 
13:40:37.705 [main] INFO  - Entering First name.. 
13:40:37.787 [main] INFO  - Entering Zipcode.. 
13:40:46.596 [main] INFO  - Entering ReferralId.. 
13:40:56.746 [main] INFO  - Entering PayorName.. 
13:41:35.157 [main] INFO  - Goto my account-->Click on Login.. 
13:41:35.185 [main] INFO  - Entering email and password.. 
13:42:00.156 [main] INFO  - Entering Last name.. 
13:42:01.156 [main] INFO  - Entering First name.. 
13:42:01.238 [main] INFO  - Entering Zipcode.. 
13:42:11.382 [main] INFO  - Entering ReferralId.. 
13:42:24.461 [main] INFO  - Entering PayorName.. 
13:42:51.693 [main] INFO  - Entering DOB.. 
13:43:01.824 [main] INFO  - Entering primaryPhone.. 
13:43:07.110 [main] INFO  - Entering streetAddress.. 
13:43:07.228 [main] INFO  - Entering streetAddress.. 
13:43:27.425 [main] INFO  - Entering SpokeWithField.. 
13:47:17.960 [main] INFO  - Goto my account-->Click on Login.. 
13:47:17.986 [main] INFO  - Entering email and password.. 
13:47:58.162 [main] INFO  - Goto my account-->Click on Login.. 
13:47:58.182 [main] INFO  - Entering email and password.. 
13:48:37.567 [main] INFO  - Entering Last name.. 
13:48:37.752 [main] INFO  - Entering First name.. 
13:48:37.890 [main] INFO  - Entering Zipcode.. 
13:48:56.379 [main] INFO  - Entering ReferralId.. 
13:49:08.334 [main] INFO  - Entering PayorName.. 
13:49:35.549 [main] INFO  - Entering DOB.. 
13:49:45.702 [main] INFO  - Entering primaryPhone.. 
13:49:51.001 [main] INFO  - Entering streetAddress.. 
13:49:51.104 [main] INFO  - Entering streetAddress.. 
13:50:11.307 [main] INFO  - Entering SpokeWithField.. 
13:54:03.311 [main] INFO  - Goto my account-->Click on Login.. 
13:54:03.340 [main] INFO  - Entering email and password.. 
13:54:50.454 [main] INFO  - Goto my account-->Click on Login.. 
13:54:50.479 [main] INFO  - Entering email and password.. 
13:55:09.599 [main] INFO  - Entering Last name.. 
13:55:09.744 [main] INFO  - Entering First name.. 
13:55:10.062 [main] INFO  - Entering Zipcode.. 
13:55:53.757 [main] INFO  - Goto my account-->Click on Login.. 
13:55:53.780 [main] INFO  - Entering email and password.. 
13:56:18.449 [main] INFO  - Entering Last name.. 
13:56:19.202 [main] INFO  - Entering First name.. 
13:56:19.328 [main] INFO  - Entering Zipcode.. 
13:56:30.785 [main] INFO  - Entering ReferralId.. 
13:56:40.550 [main] INFO  - Entering PayorName.. 
13:57:07.564 [main] INFO  - Entering DOB.. 
13:57:17.730 [main] INFO  - Entering primaryPhone.. 
13:57:23.014 [main] INFO  - Entering streetAddress.. 
13:57:23.126 [main] INFO  - Entering streetAddress.. 
13:57:43.294 [main] INFO  - Entering SpokeWithField.. 
13:58:37.672 [main] INFO  - Goto my account-->Click on Login.. 
13:58:37.706 [main] INFO  - Entering email and password.. 
13:59:06.187 [main] INFO  - Entering Last name.. 
13:59:08.226 [main] INFO  - Entering First name.. 
13:59:08.320 [main] INFO  - Entering Zipcode.. 
13:59:17.779 [main] INFO  - Entering ReferralId.. 
13:59:27.108 [main] INFO  - Entering PayorName.. 
13:59:54.522 [main] INFO  - Entering DOB.. 
14:00:04.658 [main] INFO  - Entering primaryPhone.. 
14:00:09.960 [main] INFO  - Entering streetAddress.. 
14:00:10.086 [main] INFO  - Entering streetAddress.. 
14:00:30.276 [main] INFO  - Entering SpokeWithField.. 
14:01:47.827 [main] INFO  - Goto my account-->Click on Login.. 
14:01:47.857 [main] INFO  - Entering email and password.. 
14:03:02.937 [main] INFO  - Goto my account-->Click on Login.. 
14:03:02.961 [main] INFO  - Entering email and password.. 
14:03:26.466 [main] INFO  - Entering Last name.. 
14:03:29.538 [main] INFO  - Entering First name.. 
14:03:29.650 [main] INFO  - Entering Zipcode.. 
14:04:16.708 [main] INFO  - Goto my account-->Click on Login.. 
14:04:16.735 [main] INFO  - Entering email and password.. 
14:04:46.226 [main] INFO  - Entering Last name.. 
14:04:47.980 [main] INFO  - Entering First name.. 
14:04:48.101 [main] INFO  - Entering Zipcode.. 
14:04:58.433 [main] INFO  - Entering ReferralId.. 
14:05:09.421 [main] INFO  - Entering PayorName.. 
14:05:38.201 [main] INFO  - Entering DOB.. 
14:05:48.468 [main] INFO  - Entering primaryPhone.. 
14:05:53.985 [main] INFO  - Entering streetAddress.. 
14:05:54.239 [main] INFO  - Entering streetAddress.. 
14:06:56.404 [main] INFO  - Goto my account-->Click on Login.. 
14:06:56.461 [main] INFO  - Entering email and password.. 
14:07:56.564 [main] INFO  - Entering Last name.. 
14:07:56.773 [main] INFO  - Entering First name.. 
14:07:56.959 [main] INFO  - Entering Zipcode.. 
14:08:08.100 [main] INFO  - Entering ReferralId.. 
14:08:18.916 [main] INFO  - Entering PayorName.. 
14:08:48.609 [main] INFO  - Entering DOB.. 
14:08:58.857 [main] INFO  - Entering primaryPhone.. 
14:09:04.445 [main] INFO  - Entering streetAddress.. 
14:09:04.772 [main] INFO  - Entering streetAddress.. 
14:09:25.103 [main] INFO  - Entering SpokeWithField.. 
14:11:02.507 [main] INFO  - Goto my account-->Click on Login.. 
14:11:02.537 [main] INFO  - Entering email and password.. 
14:12:03.777 [main] INFO  - Goto my account-->Click on Login.. 
14:12:03.806 [main] INFO  - Entering email and password.. 
14:12:42.587 [main] INFO  - Entering Last name.. 
14:12:42.761 [main] INFO  - Entering First name.. 
14:12:42.899 [main] INFO  - Entering Zipcode.. 
14:12:55.928 [main] INFO  - Entering ReferralId.. 
14:13:06.725 [main] INFO  - Entering PayorName.. 
14:13:34.860 [main] INFO  - Entering DOB.. 
14:13:45.144 [main] INFO  - Entering primaryPhone.. 
14:13:50.712 [main] INFO  - Entering streetAddress.. 
14:13:50.936 [main] INFO  - Entering streetAddress.. 
14:14:11.282 [main] INFO  - Entering SpokeWithField.. 
16:42:12.273 [main] INFO  - Goto my account-->Click on Login.. 
16:42:12.297 [main] INFO  - Entering email and password.. 
16:48:50.082 [main] INFO  - Goto my account-->Click on Login.. 
16:48:50.111 [main] INFO  - Entering email and password.. 
16:49:10.792 [main] INFO  - Entering Last name.. 
16:49:15.225 [main] INFO  - Entering First name.. 
16:49:15.425 [main] INFO  - Entering Zipcode.. 
16:49:31.135 [main] INFO  - Entering ReferralId.. 
16:49:41.913 [main] INFO  - Entering PayorName.. 
16:50:10.603 [main] INFO  - Entering DOB.. 
16:50:20.942 [main] INFO  - Entering primaryPhone.. 
16:50:26.470 [main] INFO  - Entering streetAddress.. 
16:50:26.696 [main] INFO  - Entering streetAddress.. 
16:53:36.140 [main] INFO  - Goto my account-->Click on Login.. 
16:53:36.169 [main] INFO  - Entering email and password.. 
16:54:02.292 [main] INFO  - Entering Last name.. 
16:54:10.768 [main] INFO  - Entering First name.. 
16:54:10.904 [main] INFO  - Entering Zipcode.. 
16:54:23.057 [main] INFO  - Entering ReferralId.. 
16:55:00.963 [main] INFO  - Goto my account-->Click on Login.. 
16:55:00.989 [main] INFO  - Entering email and password.. 
16:56:08.796 [main] INFO  - Goto my account-->Click on Login.. 
16:56:08.820 [main] INFO  - Entering email and password.. 
16:56:31.486 [main] INFO  - Entering Last name.. 
16:56:33.295 [main] INFO  - Entering First name.. 
16:56:33.413 [main] INFO  - Entering Zipcode.. 
16:56:43.172 [main] INFO  - Entering ReferralId.. 
16:56:53.604 [main] INFO  - Entering PayorName.. 
16:57:22.268 [main] INFO  - Entering DOB.. 
16:57:32.551 [main] INFO  - Entering primaryPhone.. 
16:57:38.049 [main] INFO  - Entering streetAddress.. 
16:57:38.332 [main] INFO  - Entering streetAddress.. 
16:58:51.097 [main] INFO  - Entering ACISPatientID.. 
17:06:10.372 [main] INFO  - Goto my account-->Click on Login.. 
17:06:10.396 [main] INFO  - Entering email and password.. 
17:07:17.619 [main] INFO  - Goto my account-->Click on Login.. 
17:07:17.655 [main] INFO  - Entering email and password.. 
17:07:37.222 [main] INFO  - Entering Last name.. 
17:07:38.965 [main] INFO  - Entering First name.. 
17:07:39.134 [main] INFO  - Entering Zipcode.. 
17:07:53.938 [main] INFO  - Entering ReferralId.. 
17:08:05.162 [main] INFO  - Entering PayorName.. 
17:09:04.638 [main] INFO  - Goto my account-->Click on Login.. 
17:09:04.670 [main] INFO  - Entering email and password.. 
17:09:13.977 [main] INFO  - Entering Last name.. 
17:09:25.503 [main] INFO  - Entering First name.. 
17:09:25.708 [main] INFO  - Entering Zipcode.. 
17:09:54.985 [main] INFO  - Entering ReferralId.. 
17:10:05.267 [main] INFO  - Entering PayorName.. 
17:10:33.257 [main] INFO  - Entering DOB.. 
17:10:43.539 [main] INFO  - Entering primaryPhone.. 
17:10:49.138 [main] INFO  - Entering streetAddress.. 
17:10:49.390 [main] INFO  - Entering streetAddress.. 
17:11:42.471 [main] INFO  - Entering ACISPatientID.. 
17:11:42.673 [main] INFO  - Entering BranchUser.. 
17:11:42.842 [main] INFO  - Entering Intake.. 
17:13:07.564 [main] INFO  - Entering GroupNumber.. 
17:13:08.414 [main] INFO  - Entering InsuranceCoveragePercentage.. 
17:13:08.560 [main] INFO  - Entering DeductibleMax.. 
17:13:08.708 [main] INFO  - Entering DeductibleMet.. 
17:14:31.707 [main] INFO  - Goto my account-->Click on Login.. 
17:14:31.731 [main] INFO  - Entering email and password.. 
17:15:00.057 [main] INFO  - Entering Last name.. 
17:15:03.818 [main] INFO  - Entering First name.. 
17:15:04.093 [main] INFO  - Entering Zipcode.. 
17:15:16.599 [main] INFO  - Entering ReferralId.. 
17:15:27.419 [main] INFO  - Entering PayorName.. 
17:15:55.751 [main] INFO  - Entering DOB.. 
17:16:06.033 [main] INFO  - Entering primaryPhone.. 
17:16:11.613 [main] INFO  - Entering streetAddress.. 
17:16:11.860 [main] INFO  - Entering streetAddress.. 
17:17:05.072 [main] INFO  - Entering ACISPatientID.. 
17:17:05.281 [main] INFO  - Entering BranchUser.. 
17:17:05.483 [main] INFO  - Entering Intake.. 
17:18:35.061 [main] INFO  - Goto my account-->Click on Login.. 
17:18:35.093 [main] INFO  - Entering email and password.. 
17:18:58.524 [main] INFO  - Entering Last name.. 
17:18:59.838 [main] INFO  - Entering First name.. 
17:18:59.990 [main] INFO  - Entering Zipcode.. 
17:19:17.201 [main] INFO  - Entering ReferralId.. 
17:19:28.143 [main] INFO  - Entering PayorName.. 
17:19:56.598 [main] INFO  - Entering DOB.. 
17:20:06.915 [main] INFO  - Entering primaryPhone.. 
17:20:12.450 [main] INFO  - Entering streetAddress.. 
17:20:12.695 [main] INFO  - Entering streetAddress.. 
17:21:05.617 [main] INFO  - Entering ACISPatientID.. 
17:21:05.879 [main] INFO  - Entering BranchUser.. 
17:21:06.062 [main] INFO  - Entering Intake.. 
17:23:01.858 [main] INFO  - Entering GroupNumber.. 
17:35:01.816 [main] INFO  - Goto my account-->Click on Login.. 
17:35:01.844 [main] INFO  - Entering email and password.. 
17:35:34.736 [main] INFO  - Entering Last name.. 
17:35:37.466 [main] INFO  - Entering First name.. 
17:35:37.703 [main] INFO  - Entering Zipcode.. 
17:35:52.016 [main] INFO  - Entering ReferralId.. 
17:36:03.009 [main] INFO  - Entering PayorName.. 
17:36:31.794 [main] INFO  - Entering DOB.. 
17:36:42.080 [main] INFO  - Entering primaryPhone.. 
17:36:47.575 [main] INFO  - Entering streetAddress.. 
17:36:47.872 [main] INFO  - Entering streetAddress.. 
17:37:40.890 [main] INFO  - Entering ACISPatientID.. 
17:37:41.104 [main] INFO  - Entering BranchUser.. 
17:37:41.279 [main] INFO  - Entering Intake.. 
17:38:37.903 [main] INFO  - Entering GroupNumber.. 
17:38:39.191 [main] INFO  - Entering InsuranceCoveragePercentage.. 
17:38:39.358 [main] INFO  - Entering DeductibleMax.. 
17:38:39.527 [main] INFO  - Entering DeductibleMet.. 
17:46:50.608 [main] INFO  - Goto my account-->Click on Login.. 
17:46:50.641 [main] INFO  - Entering email and password.. 
17:47:23.803 [main] INFO  - Goto my account-->Click on Login.. 
17:47:23.807 [main] INFO  - Entering email and password.. 
17:47:56.171 [main] INFO  - Entering Last name.. 
17:47:58.751 [main] INFO  - Entering First name.. 
17:47:58.856 [main] INFO  - Entering Zipcode.. 
