12:55:16.744 [main] INFO  - Entering PayorName.. 
12:55:43.774 [main] INFO  - Entering DOB.. 
12:55:54.057 [main] INFO  - Entering primaryPhone.. 
12:55:59.512 [main] INFO  - Entering streetAddress.. 
12:55:59.817 [main] INFO  - Entering streetAddress.. 
13:46:40.381 [main] INFO  - Goto my account-->Click on Login.. 
13:46:40.410 [main] INFO  - Entering email and password.. 
13:47:26.806 [main] INFO  - Entering Last name.. 
13:47:28.044 [main] INFO  - Entering First name.. 
13:47:28.141 [main] INFO  - Entering Zipcode.. 
13:47:47.635 [main] INFO  - Entering ReferralId.. 
13:47:56.231 [main] INFO  - Entering PayorName.. 
13:48:23.029 [main] INFO  - Entering DOB.. 
13:48:33.244 [main] INFO  - Entering primaryPhone.. 
13:48:38.567 [main] INFO  - Entering streetAddress.. 
13:48:38.703 [main] INFO  - Entering streetAddress.. 
13:53:03.597 [main] INFO  - Goto my account-->Click on Login.. 
13:53:03.661 [main] INFO  - Entering email and password.. 
13:53:13.544 [main] INFO  - Entering Last name.. 
16:23:48.465 [main] INFO  - Goto my account-->Click on Login.. 
16:23:48.500 [main] INFO  - Entering email and password.. 
16:24:11.288 [main] INFO  - Entering Last name.. 
16:24:37.323 [main] INFO  - Goto my account-->Click on Login.. 
16:24:37.327 [main] INFO  - Entering email and password.. 
16:24:48.271 [main] INFO  - Entering Last name.. 
16:24:49.397 [main] INFO  - Entering First name.. 
16:24:49.553 [main] INFO  - Entering Zipcode.. 
16:25:08.899 [main] INFO  - Entering ReferralId.. 
16:25:17.360 [main] INFO  - Entering PayorName.. 
16:25:43.785 [main] INFO  - Entering DOB.. 
16:25:53.951 [main] INFO  - Entering primaryPhone.. 
16:25:59.298 [main] INFO  - Entering streetAddress.. 
16:25:59.439 [main] INFO  - Entering streetAddress.. 
16:26:51.804 [main] INFO  - Entering ACISPatientID.. 
16:26:51.924 [main] INFO  - Entering BranchUser.. 
16:26:52.047 [main] INFO  - Entering Intake.. 
16:27:03.386 [main] INFO  - Goto my account-->Click on Login.. 
16:27:03.389 [main] INFO  - Entering email and password.. 
16:27:20.684 [main] INFO  - Entering Last name.. 
16:27:21.340 [main] INFO  - Entering First name.. 
16:27:21.423 [main] INFO  - Entering Zipcode.. 
16:27:40.598 [main] INFO  - Entering ReferralId.. 
16:27:48.804 [main] INFO  - Entering PayorName.. 
16:28:15.002 [main] INFO  - Entering DOB.. 
16:28:25.158 [main] INFO  - Entering primaryPhone.. 
16:28:30.442 [main] INFO  - Entering streetAddress.. 
16:28:30.549 [main] INFO  - Entering streetAddress.. 
16:29:22.827 [main] INFO  - Entering ACISPatientID.. 
16:29:22.944 [main] INFO  - Entering BranchUser.. 
16:29:23.047 [main] INFO  - Entering Intake.. 
16:30:23.265 [main] INFO  - Entering GroupNumber.. 
16:30:23.359 [main] INFO  - Entering InsuranceCoveragePercentage.. 
16:30:23.448 [main] INFO  - Entering DeductibleMax.. 
16:30:23.546 [main] INFO  - Entering DeductibleMet.. 
16:30:50.676 [main] INFO  - Entering ICDCode.. 
16:59:45.212 [main] INFO  - Goto my account-->Click on Login.. 
16:59:45.260 [main] INFO  - Entering email and password.. 
16:59:59.933 [main] INFO  - Entering Last name.. 
17:00:00.845 [main] INFO  - Entering First name.. 
17:00:00.980 [main] INFO  - Entering Zipcode.. 
17:01:05.383 [main] INFO  - Goto my account-->Click on Login.. 
17:01:05.407 [main] INFO  - Entering email and password.. 
17:02:40.980 [main] INFO  - Goto my account-->Click on Login.. 
17:02:41.004 [main] INFO  - Entering email and password.. 
17:02:59.706 [main] INFO  - Entering Last name.. 
17:03:00.610 [main] INFO  - Entering First name.. 
17:03:00.697 [main] INFO  - Entering Zipcode.. 
17:03:19.466 [main] INFO  - Entering ReferralId.. 
17:03:27.630 [main] INFO  - Entering PayorName.. 
17:03:53.055 [main] INFO  - Entering DOB.. 
17:04:03.230 [main] INFO  - Entering primaryPhone.. 
17:04:08.547 [main] INFO  - Entering streetAddress.. 
17:04:08.652 [main] INFO  - Entering streetAddress.. 
17:13:49.803 [main] INFO  - Goto my account-->Click on Login.. 
17:13:49.825 [main] INFO  - Entering email and password.. 
17:14:11.193 [main] INFO  - Entering Last name.. 
17:14:17.907 [main] INFO  - Entering First name.. 
17:14:17.989 [main] INFO  - Entering Zipcode.. 
17:18:56.273 [main] INFO  - Goto my account-->Click on Login.. 
17:18:56.306 [main] INFO  - Entering email and password.. 
17:19:03.656 [main] INFO  - Entering Last name.. 
17:19:04.663 [main] INFO  - Entering First name.. 
17:19:04.747 [main] INFO  - Entering Zipcode.. 
17:19:25.206 [main] INFO  - Entering ReferralId.. 
17:19:34.266 [main] INFO  - Entering PayorName.. 
17:20:00.073 [main] INFO  - Entering DOB.. 
17:20:10.247 [main] INFO  - Entering primaryPhone.. 
17:20:15.537 [main] INFO  - Entering streetAddress.. 
17:20:15.664 [main] INFO  - Entering streetAddress.. 
17:25:23.712 [main] INFO  - Goto my account-->Click on Login.. 
17:25:23.736 [main] INFO  - Entering email and password.. 
17:25:31.510 [main] INFO  - Entering Last name.. 
17:25:32.593 [main] INFO  - Entering First name.. 
17:25:32.727 [main] INFO  - Entering Zipcode.. 
17:25:54.054 [main] INFO  - Entering ReferralId.. 
17:26:02.195 [main] INFO  - Entering PayorName.. 
17:26:27.811 [main] INFO  - Entering DOB.. 
17:26:37.988 [main] INFO  - Entering primaryPhone.. 
17:26:43.268 [main] INFO  - Entering streetAddress.. 
17:26:43.391 [main] INFO  - Entering streetAddress.. 
17:27:55.661 [main] INFO  - Goto my account-->Click on Login.. 
17:27:55.665 [main] INFO  - Entering email and password.. 
17:28:02.757 [main] INFO  - Entering Last name.. 
17:28:03.816 [main] INFO  - Entering First name.. 
17:28:03.914 [main] INFO  - Entering Zipcode.. 
17:28:23.862 [main] INFO  - Entering ReferralId.. 
17:28:32.663 [main] INFO  - Entering PayorName.. 
17:28:58.240 [main] INFO  - Entering DOB.. 
17:29:08.394 [main] INFO  - Entering primaryPhone.. 
17:29:13.678 [main] INFO  - Entering streetAddress.. 
17:29:13.798 [main] INFO  - Entering streetAddress.. 
17:30:06.313 [main] INFO  - Entering ACISPatientID.. 
17:30:06.531 [main] INFO  - Entering BranchUser.. 
17:30:06.734 [main] INFO  - Entering Intake.. 
17:30:29.250 [main] INFO  - Goto my account-->Click on Login.. 
17:30:29.253 [main] INFO  - Entering email and password.. 
17:30:42.919 [main] INFO  - Entering Last name.. 
17:30:44.399 [main] INFO  - Entering First name.. 
17:30:44.510 [main] INFO  - Entering Zipcode.. 
17:31:05.666 [main] INFO  - Entering ReferralId.. 
17:31:14.632 [main] INFO  - Entering PayorName.. 
17:31:41.438 [main] INFO  - Entering DOB.. 
17:31:51.732 [main] INFO  - Entering primaryPhone.. 
17:31:57.215 [main] INFO  - Entering streetAddress.. 
17:31:57.440 [main] INFO  - Entering streetAddress.. 
17:32:50.224 [main] INFO  - Entering ACISPatientID.. 
17:32:50.364 [main] INFO  - Entering BranchUser.. 
17:32:50.456 [main] INFO  - Entering Intake.. 
17:33:51.813 [main] INFO  - Entering GroupNumber.. 
17:33:51.992 [main] INFO  - Entering InsuranceCoveragePercentage.. 
17:33:52.138 [main] INFO  - Entering DeductibleMax.. 
17:33:52.286 [main] INFO  - Entering DeductibleMet.. 
17:34:19.772 [main] INFO  - Entering ICDCode.. 
17:35:44.141 [main] INFO  - Entering PhysicianName.. 
17:36:02.164 [main] INFO  - Entering HCPC.. 
17:36:02.429 [main] INFO  - Entering IfSupplyWhatIsbaseHCPC.. 
18:17:58.805 [main] INFO  - Goto my account-->Click on Login.. 
18:17:58.833 [main] INFO  - Entering email and password.. 
18:18:45.720 [main] INFO  - Entering Last name.. 
18:19:13.232 [main] INFO  - Goto my account-->Click on Login.. 
18:19:13.236 [main] INFO  - Entering email and password.. 
18:19:49.756 [main] INFO  - Entering Last name.. 
18:19:51.720 [main] INFO  - Entering First name.. 
18:19:51.883 [main] INFO  - Entering Zipcode.. 
18:20:12.987 [main] INFO  - Entering ReferralId.. 
18:20:21.772 [main] INFO  - Entering PayorName.. 
18:20:57.030 [main] INFO  - Entering DOB.. 
18:21:07.317 [main] INFO  - Entering primaryPhone.. 
18:21:12.827 [main] INFO  - Entering streetAddress.. 
18:21:13.026 [main] INFO  - Entering streetAddress.. 
18:22:06.101 [main] INFO  - Entering ACISPatientID.. 
18:22:06.375 [main] INFO  - Entering BranchUser.. 
18:22:06.533 [main] INFO  - Entering Intake.. 
18:22:27.662 [main] INFO  - Goto my account-->Click on Login.. 
18:22:27.662 [main] INFO  - Entering email and password.. 
18:22:41.515 [main] INFO  - Entering Last name.. 
18:22:43.061 [main] INFO  - Entering First name.. 
18:22:43.260 [main] INFO  - Entering Zipcode.. 
18:23:04.085 [main] INFO  - Entering ReferralId.. 
18:23:12.781 [main] INFO  - Entering PayorName.. 
18:23:41.465 [main] INFO  - Entering DOB.. 
18:23:51.758 [main] INFO  - Entering primaryPhone.. 
18:23:57.256 [main] INFO  - Entering streetAddress.. 
18:23:57.479 [main] INFO  - Entering streetAddress.. 
18:24:50.417 [main] INFO  - Entering ACISPatientID.. 
18:24:50.675 [main] INFO  - Entering BranchUser.. 
18:24:50.851 [main] INFO  - Entering Intake.. 
18:25:52.280 [main] INFO  - Entering GroupNumber.. 
18:25:52.500 [main] INFO  - Entering InsuranceCoveragePercentage.. 
18:25:52.661 [main] INFO  - Entering DeductibleMax.. 
18:25:52.814 [main] INFO  - Entering DeductibleMet.. 
18:26:20.575 [main] INFO  - Entering ICDCode.. 
18:27:45.124 [main] INFO  - Entering PhysicianName.. 
18:28:03.283 [main] INFO  - Entering HCPC.. 
18:28:03.481 [main] INFO  - Entering IfSupplyWhatIsbaseHCPC.. 
19:27:25.407 [main] INFO  - Goto my account-->Click on Login.. 
19:27:25.456 [main] INFO  - Entering email and password.. 
19:27:34.878 [main] INFO  - Entering Last name.. 
19:28:02.604 [main] INFO  - Goto my account-->Click on Login.. 
19:28:02.604 [main] INFO  - Entering email and password.. 
19:29:02.337 [main] INFO  - Goto my account-->Click on Login.. 
19:29:02.381 [main] INFO  - Entering email and password.. 
19:30:20.994 [main] INFO  - Goto my account-->Click on Login.. 
19:30:21.004 [main] INFO  - Entering email and password.. 
16:09:14.590 [main] INFO  - Goto my account-->Click on Login.. 
16:09:14.646 [main] INFO  - Entering email and password.. 
16:09:23.934 [main] INFO  - Entering Last name.. 
16:10:10.642 [main] INFO  - Goto my account-->Click on Login.. 
16:10:10.677 [main] INFO  - Entering email and password.. 
16:10:20.229 [main] INFO  - Entering Last name.. 
16:10:48.430 [main] INFO  - Goto my account-->Click on Login.. 
16:10:48.434 [main] INFO  - Entering email and password.. 
16:11:25.212 [main] INFO  - Goto my account-->Click on Login.. 
16:11:25.215 [main] INFO  - Entering email and password.. 
16:11:47.883 [main] INFO  - Entering Last name.. 
16:11:49.276 [main] INFO  - Entering First name.. 
16:11:49.419 [main] INFO  - Entering Zipcode.. 
16:13:26.989 [main] INFO  - Goto my account-->Click on Login.. 
16:13:27.027 [main] INFO  - Entering email and password.. 
16:13:42.142 [main] INFO  - Entering Last name.. 
16:13:46.958 [main] INFO  - Entering First name.. 
16:13:47.168 [main] INFO  - Entering Zipcode.. 
16:14:10.555 [main] INFO  - Entering ReferralId.. 
16:14:22.146 [main] INFO  - Entering PayorName.. 
16:14:54.796 [main] INFO  - Entering DOB.. 
16:15:05.112 [main] INFO  - Entering primaryPhone.. 
16:15:10.632 [main] INFO  - Entering streetAddress.. 
16:15:10.892 [main] INFO  - Entering streetAddress.. 
16:16:27.014 [main] INFO  - Goto my account-->Click on Login.. 
16:16:27.019 [main] INFO  - Entering email and password.. 
16:16:39.289 [main] INFO  - Entering Last name.. 
16:16:40.863 [main] INFO  - Entering First name.. 
16:16:41.032 [main] INFO  - Entering Zipcode.. 
16:17:03.075 [main] INFO  - Entering ReferralId.. 
16:17:12.387 [main] INFO  - Entering PayorName.. 
16:17:40.521 [main] INFO  - Entering DOB.. 
16:17:50.824 [main] INFO  - Entering primaryPhone.. 
16:17:56.388 [main] INFO  - Entering streetAddress.. 
16:17:56.610 [main] INFO  - Entering streetAddress.. 
16:18:49.391 [main] INFO  - Entering ACISPatientID.. 
16:18:49.596 [main] INFO  - Entering BranchUser.. 
16:18:49.750 [main] INFO  - Entering Intake.. 
16:19:17.511 [main] INFO  - Goto my account-->Click on Login.. 
16:19:17.515 [main] INFO  - Entering email and password.. 
16:19:32.241 [main] INFO  - Entering Last name.. 
16:21:35.014 [main] INFO  - Goto my account-->Click on Login.. 
16:21:35.075 [main] INFO  - Entering email and password.. 
16:21:47.256 [main] INFO  - Entering Last name.. 
16:21:51.398 [main] INFO  - Entering First name.. 
16:21:51.520 [main] INFO  - Entering Zipcode.. 
16:22:13.310 [main] INFO  - Entering ReferralId.. 
16:22:22.541 [main] INFO  - Entering PayorName.. 
16:22:50.391 [main] INFO  - Entering DOB.. 
16:23:00.712 [main] INFO  - Entering primaryPhone.. 
16:23:06.228 [main] INFO  - Entering streetAddress.. 
16:23:06.497 [main] INFO  - Entering streetAddress.. 
16:24:22.386 [main] INFO  - Goto my account-->Click on Login.. 
16:24:22.390 [main] INFO  - Entering email and password.. 
16:24:34.702 [main] INFO  - Entering Last name.. 
16:24:36.371 [main] INFO  - Entering First name.. 
16:24:36.520 [main] INFO  - Entering Zipcode.. 
16:24:59.343 [main] INFO  - Entering ReferralId.. 
16:25:08.452 [main] INFO  - Entering PayorName.. 
16:25:35.735 [main] INFO  - Entering DOB.. 
16:25:46.032 [main] INFO  - Entering primaryPhone.. 
16:25:51.562 [main] INFO  - Entering streetAddress.. 
16:25:51.800 [main] INFO  - Entering streetAddress.. 
16:26:44.568 [main] INFO  - Entering ACISPatientID.. 
16:26:44.798 [main] INFO  - Entering BranchUser.. 
16:26:44.968 [main] INFO  - Entering Intake.. 
